<?xml version="1.0" encoding="UTF-8"?>
<testsuite xmlns:xsi="http://www.w3.org/2001/XMLSchema-instance" xsi:noNamespaceSchemaLocation="https://maven.apache.org/surefire/maven-surefire-plugin/xsd/surefire-test-report-3.0.xsd" version="3.0" name="com.cobolrag.rag.RagServiceTest" time="25.882" tests="4" errors="0" skipped="0" failures="0">
  <properties>
[...]
</properties>
  <testcase name="shouldHandleNoContextFound" classname="com.cobolrag.rag.RagServiceTest" time="2.41">
    <system-out><![CDATA[13:44:19.522 [main] DEBUG dev.langchain4j.rag.DefaultRetrievalAugmentor -- Original query: 'What does this program do?'
13:44:19.522 [main] DEBUG dev.langchain4j.rag.DefaultRetrievalAugmentor -- Transformed queries:
- 'What does this program do?'
13:44:19.523 [pool-3-thread-1] DEBUG dev.langchain4j.rag.DefaultRetrievalAugmentor -- Routing query 'What does this program do?' to the following retrievers:
- dev.langchain4j.retriever.Retriever$$Lambda/0x00000800017a8620@5e10530f
13:44:19.525 [pool-3-thread-2] DEBUG dev.langchain4j.rag.DefaultRetrievalAugmentor -- Retrieved the following contents using retriever 'dev.langchain4j.retriever.Retriever$$Lambda/0x00000800017a8620@5e10530f' and query 'What does this program do?':

13:44:19.526 [main] DEBUG dev.langchain4j.rag.DefaultRetrievalAugmentor -- Aggregated all contents into:

13:44:19.526 [main] DEBUG dev.langchain4j.rag.DefaultRetrievalAugmentor -- Augmented user message: UserMessage { name = null contents = [TextContent { text = "What does this program do?" }] }
]]></system-out>
  </testcase>
  <testcase name="shouldHandleDependencyRetrievalFailure" classname="com.cobolrag.rag.RagServiceTest" time="3.198">
    <system-out><![CDATA[13:44:21.843 [main] DEBUG dev.langchain4j.rag.DefaultRetrievalAugmentor -- Original query: 'Show dependencies for INVALID_PROG'
13:44:21.843 [main] DEBUG dev.langchain4j.rag.DefaultRetrievalAugmentor -- Transformed queries:
- 'Show dependencies for INVALID_PROG'
13:44:21.843 [pool-4-thread-1] DEBUG dev.langchain4j.rag.DefaultRetrievalAugmentor -- Routing query 'Show dependencies for INVALID_PROG' to the following retrievers:
- dev.langchain4j.retriever.Retriever$$Lambda/0x00000800017a8620@58697f69
13:44:21.844 [pool-4-thread-2] WARN com.cobolrag.rag.RagService -- Failed to retrieve dependencies for INVALID_PROG
org.neo4j.driver.exceptions.ServiceUnavailableException: DB connection failed
	at com.cobolrag.graph.Neo4jDependencyGraphBuilder.executeQuery(Neo4jDependencyGraphBuilder.java:167)
	at com.cobolrag.rag.RagService.getProgramDependencies(RagService.java:202)
	at com.cobolrag.rag.RagService.createEnhancedTextSegment(RagService.java:132)
	at com.cobolrag.rag.RagService.lambda$buildEnhancedRetriever$1(RagService.java:120)
	at java.base/java.util.stream.ReferencePipeline$3$1.accept(ReferencePipeline.java:215)
	at java.base/java.util.AbstractList$RandomAccessSpliterator.forEachRemaining(AbstractList.java:722)
	at java.base/java.util.stream.AbstractPipeline.copyInto(AbstractPipeline.java:570)
	at java.base/java.util.stream.AbstractPipeline.wrapAndCopyInto(AbstractPipeline.java:560)
	at java.base/java.util.stream.ReduceOps$ReduceOp.evaluateSequential(ReduceOps.java:921)
	at java.base/java.util.stream.AbstractPipeline.evaluate(AbstractPipeline.java:265)
	at java.base/java.util.stream.ReferencePipeline.collect(ReferencePipeline.java:727)
	at com.cobolrag.rag.RagService.lambda$buildEnhancedRetriever$0(RagService.java:121)
	at dev.langchain4j.retriever.Retriever.lambda$toContentRetriever$0(Retriever.java:45)
	at dev.langchain4j.rag.DefaultRetrievalAugmentor.retrieve(DefaultRetrievalAugmentor.java:170)
	at dev.langchain4j.rag.DefaultRetrievalAugmentor.lambda$retrieveFromAll$3(DefaultRetrievalAugmentor.java:158)
	at java.base/java.util.concurrent.CompletableFuture$AsyncSupply.run(CompletableFuture.java:1812)
	at java.base/java.util.concurrent.ThreadPoolExecutor.runWorker(ThreadPoolExecutor.java:1144)
	at java.base/java.util.concurrent.ThreadPoolExecutor$Worker.run(ThreadPoolExecutor.java:642)
	at java.base/java.lang.Thread.run(Thread.java:1575)
13:44:21.844 [pool-4-thread-2] DEBUG dev.langchain4j.rag.DefaultRetrievalAugmentor -- Retrieved the following contents using retriever 'dev.langchain4j.retriever.Retriever$$Lambda/0x00000800017a8620@58697f69' and query 'Show dependencies for INVALID_PROG':
- TextSegment { text = "Code from unknown:

Dependencies:
Dependency retrieval error: DB connection failed" metadata = {} }
13:44:21.844 [main] DEBUG dev.langchain4j.rag.DefaultRetrievalAugmentor -- Aggregated all contents into:
- TextSegment { text = "Code from unknown:

Dependencies:
Dependency retrieval error: DB connection failed" metadata = {} }
13:44:21.844 [main] DEBUG dev.langchain4j.rag.DefaultRetrievalAugmentor -- Augmented user message: UserMessage { name = null contents = [TextContent { text = "You are a COBOL expert assistant. Answer the question based on the context below.
Include relevant code snippets and explain their purpose.

Context from codebase:
{context}

Dependency graph relations:
{dependencies}

Question: {question}

Answer in markdown format:" }] }
]]></system-out>
  </testcase>
  <testcase name="shouldProcessQueryWithValidContext" classname="com.cobolrag.rag.RagServiceTest" time="20.145">
    <system-out><![CDATA[13:44:25.066 [main] DEBUG dev.langchain4j.rag.DefaultRetrievalAugmentor -- Original query: 'What does CUST001 do?'
13:44:25.066 [main] DEBUG dev.langchain4j.rag.DefaultRetrievalAugmentor -- Transformed queries:
- 'What does CUST001 do?'
13:44:25.066 [pool-5-thread-1] DEBUG dev.langchain4j.rag.DefaultRetrievalAugmentor -- Routing query 'What does CUST001 do?' to the following retrievers:
- dev.langchain4j.retriever.Retriever$$Lambda/0x00000800017a8620@3c78f323
13:44:25.066 [pool-5-thread-2] DEBUG dev.langchain4j.rag.DefaultRetrievalAugmentor -- Retrieved the following contents using retriever 'dev.langchain4j.retriever.Retriever$$Lambda/0x00000800017a8620@3c78f323' and query 'What does CUST001 do?':
- TextSegment { text = "Code from CUST001.cbl:
01 CUSTOMER-RECORD PIC X(50).
Dependencies:
"Calls: CUST002, CUST003"" metadata = {} }
13:44:25.067 [main] DEBUG dev.langchain4j.rag.DefaultRetrievalAugmentor -- Aggregated all contents into:
- TextSegment { text = "Code from CUST001.cbl:
01 CUSTOMER-RECORD PIC X(50).
Dependencies:
"Calls: CUST002, CUST003"" metadata = {} }
13:44:25.067 [main] DEBUG dev.langchain4j.rag.DefaultRetrievalAugmentor -- Augmented user message: UserMessage { name = null contents = [TextContent { text = "You are a COBOL expert assistant. Answer the question based on the context below.
Include relevant code snippets and explain their purpose.

Context from codebase:
{context}

Dependency graph relations:
{dependencies}

Question: {question}

Answer in markdown format:" }] }
]]></system-out>
  </testcase>
  <testcase name="shouldThrowExceptionOnInvalidApiKey" classname="com.cobolrag.rag.RagServiceTest" time="0.121"/>
</testsuite>