<?xml version="1.0" encoding="UTF-8"?>
<testsuite xmlns:xsi="http://www.w3.org/2001/XMLSchema-instance" xsi:noNamespaceSchemaLocation="https://maven.apache.org/surefire/maven-surefire-plugin/xsd/surefire-test-report-3.0.xsd" version="3.0" name="com.cobolrag.CobolRagApplicationTest" time="0.458" tests="11" errors="0" skipped="0" failures="0">
  <properties>
[...]
</properties>
  <testcase name="shouldCreateValidMetadata" classname="com.cobolrag.CobolRagApplicationTest" time="0.431">
    <system-err><![CDATA[Mockito is currently self-attaching to enable the inline-mock-maker. This will no longer work in future releases of the JDK. Please add Mockito as an agent to your build as described in Mockito's documentation: https://javadoc.io/doc/org.mockito/mockito-core/latest/org.mockito/org/mockito/Mockito.html#0.3
WARNING: A Java agent has been loaded dynamically (/Users/amoghmargoor/.m2/repository/net/bytebuddy/byte-buddy-agent/1.15.11/byte-buddy-agent-1.15.11.jar)
WARNING: If a serviceability tool is in use, please run with -XX:+EnableDynamicAgentLoading to hide this warning
WARNING: If a serviceability tool is not in use, please run with -Djdk.instrument.traceUsage for more information
WARNING: Dynamic loading of agents will be disallowed by default in a future release
]]></system-err>
  </testcase>
  <testcase name="shouldProcessQueryWithoutErrors" classname="com.cobolrag.CobolRagApplicationTest" time="0.002"/>
  <testcase name="shouldCreateApplicationWithValidParameters" classname="com.cobolrag.CobolRagApplicationTest" time="0.002"/>
  <testcase name="shouldHandleEnvironmentVariableCheck" classname="com.cobolrag.CobolRagApplicationTest" time="0.002"/>
  <testcase name="shouldHandleEmptyDirectory" classname="com.cobolrag.CobolRagApplicationTest" time="0.001"/>
  <testcase name="shouldValidateCobolFileExtensions" classname="com.cobolrag.CobolRagApplicationTest" time="0.001"/>
  <testcase name="shouldFindCobolFilesInDirectory" classname="com.cobolrag.CobolRagApplicationTest" time="0.002"/>
  <testcase name="shouldHandleInvalidArguments" classname="com.cobolrag.CobolRagApplicationTest" time="0.002"/>
  <testcase name="shouldCreateValidDocumentId" classname="com.cobolrag.CobolRagApplicationTest" time="0.003"/>
  <testcase name="shouldHandleNonExistentDirectory" classname="com.cobolrag.CobolRagApplicationTest" time="0.001"/>
  <testcase name="shouldHandleShutdownGracefully" classname="com.cobolrag.CobolRagApplicationTest" time="0.001"/>
</testsuite>