<?xml version="1.0" encoding="UTF-8"?>
<testsuite xmlns:xsi="http://www.w3.org/2001/XMLSchema-instance" xsi:noNamespaceSchemaLocation="https://maven.apache.org/surefire/maven-surefire-plugin/xsd/surefire-test-report-3.0.xsd" version="3.0" name="io.proleap.cobol.transform.valuestmt.relation.tandem.RelationCombinedGreaterAndTest" time="0.789" tests="1" errors="0" skipped="0" failures="0">
  <properties>
[...]
</properties>
  <testcase name="test" classname="io.proleap.cobol.transform.valuestmt.relation.tandem.RelationCombinedGreaterAndTest" time="0.545">
    <system-out><![CDATA[23:00:49,329 |-INFO in ch.qos.logback.classic.LoggerContext[default] - This is logback-classic version 1.4.14
23:00:49,329 |-INFO in ch.qos.logback.classic.util.ContextInitializer@7c214cc0 - No custom configurators were discovered as a service.
23:00:49,329 |-INFO in ch.qos.logback.classic.util.ContextInitializer@7c214cc0 - Trying to configure with ch.qos.logback.classic.joran.SerializedModelConfigurator
23:00:49,329 |-INFO in ch.qos.logback.classic.util.ContextInitializer@7c214cc0 - Constructed configurator of type class ch.qos.logback.classic.joran.SerializedModelConfigurator
23:00:49,332 |-INFO in ch.qos.logback.classic.LoggerContext[default] - Could NOT find resource [logback-test.scmo]
23:00:49,333 |-INFO in ch.qos.logback.classic.LoggerContext[default] - Could NOT find resource [logback.scmo]
23:00:49,336 |-INFO in ch.qos.logback.classic.util.ContextInitializer@7c214cc0 - ch.qos.logback.classic.joran.SerializedModelConfigurator.configure() call lasted 4 milliseconds. ExecutionStatus=INVOKE_NEXT_IF_ANY
23:00:49,336 |-INFO in ch.qos.logback.classic.util.ContextInitializer@7c214cc0 - Trying to configure with ch.qos.logback.classic.util.DefaultJoranConfigurator
23:00:49,337 |-INFO in ch.qos.logback.classic.util.ContextInitializer@7c214cc0 - Constructed configurator of type class ch.qos.logback.classic.util.DefaultJoranConfigurator
23:00:49,338 |-INFO in ch.qos.logback.classic.LoggerContext[default] - Found resource [logback-test.xml] at [file:/Users/amoghmargoor/src/luemyn/proleap-cobol-transform/target/test-classes/logback-test.xml]
23:00:49,338 |-WARN in ch.qos.logback.classic.util.DefaultJoranConfigurator@5b67bb7e - Resource [logback-test.xml] occurs multiple times on the classpath.
23:00:49,339 |-WARN in ch.qos.logback.classic.util.DefaultJoranConfigurator@5b67bb7e - Resource [logback-test.xml] occurs at [file:/Users/amoghmargoor/src/luemyn/proleap-cobol-commons/target/test-classes/logback-test.xml]
23:00:49,339 |-WARN in ch.qos.logback.classic.util.DefaultJoranConfigurator@5b67bb7e - Resource [logback-test.xml] occurs at [file:/Users/amoghmargoor/src/luemyn/proleap-cobol-transform/target/test-classes/logback-test.xml]
23:00:49,380 |-INFO in ch.qos.logback.core.model.processor.AppenderModelHandler - Processing appender named [STDOUT]
23:00:49,380 |-INFO in ch.qos.logback.core.model.processor.AppenderModelHandler - About to instantiate appender of type [ch.qos.logback.core.ConsoleAppender]
23:00:49,382 |-INFO in ch.qos.logback.core.model.processor.ImplicitModelHandler - Assuming default type [ch.qos.logback.classic.encoder.PatternLayoutEncoder] for [encoder] property
23:00:49,401 |-INFO in ch.qos.logback.classic.model.processor.RootLoggerModelHandler - Setting level of ROOT logger to INFO
23:00:49,401 |-INFO in ch.qos.logback.core.model.processor.AppenderRefModelHandler - Attaching appender named [STDOUT] to Logger[ROOT]
23:00:49,401 |-INFO in ch.qos.logback.core.model.processor.DefaultProcessor@609db546 - End of configuration.
23:00:49,402 |-INFO in ch.qos.logback.classic.joran.JoranConfigurator@20f5281c - Registering current configuration as safe fallback point
23:00:49,402 |-INFO in ch.qos.logback.classic.util.ContextInitializer@7c214cc0 - ch.qos.logback.classic.util.DefaultJoranConfigurator.configure() call lasted 65 milliseconds. ExecutionStatus=DO_NOT_INVOKE_NEXT_IF_ANY

2025-06-28 23:00:49 [main] INFO  i.m.c.DefaultApplicationContext$RuntimeConfiguredEnvironment - Established active environments: [test]
2025-06-28 23:00:49 [main] INFO  i.p.c.t.r.i.CobolTransformRuleMatcherImpl - Initialized 119 COBOL transformation rules as [DataDescriptionEntryGroupRenameRule, GoToStatementSimpleLoopRule, ParagraphRule, SourceComputerParagraphRule, DateWrittenParagraphRule, FileControlEntryRule, QualifiedDataCallRule, SectionRule, StatementRule, MnemonicCallRule, ArithmeticValueStmtRuleImpl, MoveCorrespondingPhraseRule, FigurativeConstantRule, MultiplyStatementRule, DataDivisionRule, ProgramCallRule, IntegerLiteralRule, ReceiveStatementRule, MultDivRuleImpl, EnvironmentDivisionRule, GoToStatementDependingRule, ExecSqlStatementRule, ParagraphsRule, StoreRule, CdCallRule, StopStatementRule, SubtractStatementRule, DisplayStatementRule, RelationConditionRuleImpl, SimpleConditionRuleImpl, InputOutputSectionParagraphRule, PlusMinusRuleImpl, SecurityParagraphRule, EnvironmentCallRule, OperandRule, FileControlParagraphRule, RecordCallRule, AndOrConditionRuleImpl, SentenceRule, SetToRule, SetStatementRule, SpecialRegisterCallRule, CompilationUnitRule, SendStatementRule, AddStatementRule, AcceptStatementRule, CombinableConditionRuleImpl, GoToStatementRule, PerformInlineStatementRule, DataDescCallRule, EnvironmentDivisionBodyRule, AddToGivingStatementRule, RemarksParagraphRule, WriteStatementRule, ContinueRule, GoToStatementSimpleRule, BooleanLiteralRule, CallStatementRule, ClassCallRule, IdentificationDivisionBodyRule, MoveStatementRule, WorkingStorageSectionRule, EvaluateStatementRule, InstallationParagraphRule, FileCallRule, LocalCallRule, ProgramIdParagraphRule, ProgramUnitRule, DataValueIntervalClauseRule, ProcedureDivisionBodyRule, MultDivsRuleImpl, BasisRuleImpl, MoveToPhraseRule, SystemCallRule, CobolLiteralRule, DateCompiledParagraphRule, ConditionValueStmtRuleImpl, AddCorrespondingStatementRule, SetByRule, RelationArithmeticComparisonRuleImpl, ProcedureDivisionRule, AlphabetCallRule, AddToStatementRule, PerformStatementRule, PerformProcedureStatementRule, ExitStatementRule, OpenStatementRule, CobolWordRule, ByReferencePhraseRule, ProcedureCallRule, DataCallRule, ReadStatementRule, NumericLiteralRule, DivideStatementRule, IdentificationDivisionRule, ConfigurationSectionParagraphRule, AssignmentCallRule, LibraryCallRule, AuthorParagraphRule, ConfigurationSectionRule, ConditionCallRule, InputOutputSectionRule, TableCallRule, ObjectComputerParagraphRule, PowersRuleImpl, ComputeStatementRule, IdentifierCallRule, ParameterRule, FileSectionRule, IfStatementRule, UsingPhraseRule, LinkageSectionRule, FileDescriptionEntryRule, ReportCallRule, CloseStatementRule, DataDivisionSectionRule, DataDescriptionEntryRule, DataDescriptionEntryGroupRule, ByReferenceRule].
2025-06-28 23:00:49 [main] INFO  i.p.c.t.r.i.CobolTransformationTestRunnerImpl - Transforming file RelationCombinedGreaterAnd.cbl.
2025-06-28 23:00:49 [main] INFO  i.p.c.a.r.impl.CobolParserRunnerImpl - Parsing compilation unit RelationCombinedGreaterAnd.
2025-06-28 23:00:49 [main] INFO  i.p.c.p.impl.CobolPreprocessorImpl - Preprocessing file RelationCombinedGreaterAnd.cbl with line format TANDEM and charset UTF-8.
2025-06-28 23:00:50 [main] INFO  i.p.c.a.r.impl.CobolParserRunnerImpl - Analyzing program units of compilation unit RelationCombinedGreaterAnd.
2025-06-28 23:00:50 [main] INFO  i.p.c.a.r.impl.CobolParserRunnerImpl - Analyzing data divisions of compilation unit RelationCombinedGreaterAnd in step 1.
2025-06-28 23:00:50 [main] INFO  i.p.c.a.r.impl.CobolParserRunnerImpl - Analyzing data divisions of compilation unit RelationCombinedGreaterAnd in step 2.
2025-06-28 23:00:50 [main] INFO  i.p.c.a.r.impl.CobolParserRunnerImpl - Analyzing file control clauses of compilation unit RelationCombinedGreaterAnd.
2025-06-28 23:00:50 [main] INFO  i.p.c.a.r.impl.CobolParserRunnerImpl - Analyzing file description entries of compilation unit RelationCombinedGreaterAnd.
2025-06-28 23:00:50 [main] INFO  i.p.c.a.r.impl.CobolParserRunnerImpl - Analyzing procedure divisions of compilation unit RelationCombinedGreaterAnd.
2025-06-28 23:00:50 [main] INFO  i.p.c.a.r.impl.CobolParserRunnerImpl - Analyzing statements of compilation unit RelationCombinedGreaterAnd.
2025-06-28 23:00:50 [main] INFO  i.p.c.t.j.r.i.CobolTransformationRunnerImpl - Transforming compilation unit RelationCombinedGreaterAnd.
2025-06-28 23:00:50 [main] INFO  i.p.c.t.r.i.CobolTransformationTestRunnerImpl - Comparing artifact file with file RelationCombinedGreaterAnd.java.
]]></system-out>
  </testcase>
</testsuite>