<?xml version="1.0" encoding="UTF-8"?>
<testsuite xmlns:xsi="http://www.w3.org/2001/XMLSchema-instance" xsi:noNamespaceSchemaLocation="https://maven.apache.org/surefire/maven-surefire-plugin/xsd/surefire-test-report-3.0.xsd" version="3.0" name="com.cobolrag.graph.Neo4jDependencyGraphBuilderTest" time="9.703" tests="10" errors="0" skipped="0" failures="0">
  <properties>
[...]
</properties>
  <testcase name="shouldHandleEmptyProgram" classname="com.cobolrag.graph.Neo4jDependencyGraphBuilderTest" time="1.944">
    <system-out><![CDATA[23:00:58.866 [main] DEBUG org.testcontainers.utility.PrefixingImageNameSubstitutor -- No prefix is configured
23:00:58.866 [main] DEBUG org.testcontainers.utility.ImageNameSubstitutor -- Did not find a substitute image for neo4j:4.4 (using image substitutor: DefaultImageNameSubstitutor (composite of 'ConfigurationFileImageNameSubstitutor' and 'PrefixingImageNameSubstitutor'))
23:00:58.866 [main] DEBUG org.testcontainers.images.AbstractImagePullPolicy -- Using locally available and not pulling image: neo4j:4.4
23:00:58.866 [main] DEBUG tc.neo4j:4.4 -- Starting container: neo4j:4.4
23:00:58.866 [main] DEBUG tc.neo4j:4.4 -- Trying to start container: neo4j:4.4 (attempt 1/1)
23:00:58.866 [main] DEBUG tc.neo4j:4.4 -- Starting container: neo4j:4.4
23:00:58.866 [main] INFO tc.neo4j:4.4 -- Creating container for image: neo4j:4.4
23:00:58.866 [main] DEBUG org.testcontainers.utility.RegistryAuthLocator -- Looking up auth config for image: neo4j:4.4 at registry: https://index.docker.io/v1/
23:00:58.866 [main] DEBUG org.testcontainers.utility.RegistryAuthLocator -- Cached auth found: [AuthConfig{username=amargoor, password=hidden non-blank value, auth=blank, email=null, registryAddress=https://index.docker.io/v1/, registryToken=blank}]
23:00:58.866 [main] DEBUG org.testcontainers.dockerclient.AuthDelegatingDockerClientConfig -- Effective auth config [AuthConfig{username=amargoor, password=hidden non-blank value, auth=blank, email=null, registryAddress=https://index.docker.io/v1/, registryToken=blank}]
23:00:58.867 [main] DEBUG org.testcontainers.shaded.com.github.dockerjava.core.command.AbstrDockerCmd -- Cmd: org.testcontainers.shaded.com.github.dockerjava.core.command.CreateContainerCmdImpl@413d2cd1[aliases=<null>,argsEscaped=<null>,attachStderr=<null>,attachStdin=<null>,attachStdout=<null>,authConfig=AuthConfig(username=amargoor, email=null, registryAddress=https://index.docker.io/v1/, stackOrchestrator=null),cmd={},domainName=<null>,entrypoint=<null>,env={NEO4J_AUTH=neo4j/testpassword},exposedPorts=ExposedPorts(exposedPorts=[7473/tcp, 7687/tcp, 7474/tcp]),healthcheck=<null>,hostConfig=HostConfig(binds=[], blkioWeight=null, blkioWeightDevice=null, blkioDeviceReadBps=null, blkioDeviceWriteBps=null, blkioDeviceReadIOps=null, blkioDeviceWriteIOps=null, memorySwappiness=null, nanoCPUs=null, capAdd=null, capDrop=null, containerIDFile=null, cpuPeriod=null, cpuRealtimePeriod=null, cpuRealtimeRuntime=null, cpuShares=null, cpuQuota=null, cpusetCpus=null, cpusetMems=null, devices=null, deviceCgroupRules=null, deviceRequests=null, diskQuota=null, dns=null, dnsOptions=null, dnsSearch=null, extraHosts=[], groupAdd=null, ipcMode=null, cgroup=null, links=[], logConfig=LogConfig(type=null, config=null), lxcConf=null, memory=null, memorySwap=null, memoryReservation=null, kernelMemory=null, networkMode=null, oomKillDisable=null, init=null, autoRemove=null, oomScoreAdj=null, portBindings={7473/tcp=[Lcom.github.dockerjava.api.model.Ports$Binding;@46c10083, 7687/tcp=[Lcom.github.dockerjava.api.model.Ports$Binding;@28e8888d, 7474/tcp=[Lcom.github.dockerjava.api.model.Ports$Binding;@1e98b788}, privileged=null, publishAllPorts=null, readonlyRootfs=null, restartPolicy=null, ulimits=null, cpuCount=null, cpuPercent=null, ioMaximumIOps=null, ioMaximumBandwidth=null, volumesFrom=[], mounts=null, pidMode=null, isolation=null, securityOpts=null, storageOpt=null, cgroupParent=null, volumeDriver=null, shmSize=null, pidsLimit=null, runtime=null, tmpFs=null, utSMode=null, usernsMode=null, sysctls=null, consoleSize=null, cgroupnsMode=null),hostName=<null>,image=neo4j:4.4,ipv4Address=<null>,ipv6Address=<null>,labels={org.testcontainers=true, org.testcontainers.lang=java, org.testcontainers.version=1.20.6, org.testcontainers.sessionId=6a6fa4c1-7541-4d91-8332-f034f978b701},macAddress=<null>,name=<null>,networkDisabled=<null>,networkingConfig=<null>,onBuild=<null>,platform=<null>,portSpecs=<null>,shell=<null>,stdInOnce=<null>,stdinOpen=<null>,stopSignal=<null>,stopTimeout=<null>,tty=<null>,user=<null>,volumes=Volumes(volumes=[]),workingDir=<null>]
23:00:58.868 [main] DEBUG com.github.dockerjava.zerodep.shaded.org.apache.hc.client5.http.impl.classic.InternalHttpClient -- ex-0000001C: preparing request execution
23:00:58.868 [main] DEBUG com.github.dockerjava.zerodep.shaded.org.apache.hc.client5.http.protocol.RequestAddCookies -- Cookie spec selected: strict
23:00:58.868 [main] DEBUG com.github.dockerjava.zerodep.shaded.org.apache.hc.client5.http.protocol.RequestAuthCache -- Auth cache not set in the context
23:00:58.868 [main] DEBUG com.github.dockerjava.zerodep.shaded.org.apache.hc.client5.http.impl.classic.ProtocolExec -- ex-0000001C: target auth state: UNCHALLENGED
23:00:58.868 [main] DEBUG com.github.dockerjava.zerodep.shaded.org.apache.hc.client5.http.impl.classic.ProtocolExec -- ex-0000001C: proxy auth state: UNCHALLENGED
23:00:58.868 [main] DEBUG com.github.dockerjava.zerodep.shaded.org.apache.hc.client5.http.impl.classic.ConnectExec -- ex-0000001C: acquiring connection with route {}->unix://localhost:2375
23:00:58.868 [main] DEBUG com.github.dockerjava.zerodep.shaded.org.apache.hc.client5.http.impl.classic.InternalHttpClient -- ex-0000001C: acquiring endpoint (3 MINUTES)
23:00:58.868 [main] DEBUG com.github.dockerjava.zerodep.shaded.org.apache.hc.client5.http.impl.io.PoolingHttpClientConnectionManager -- ex-0000001C: endpoint lease request (3 MINUTES) [route: {}->unix://localhost:2375][total available: 1; route allocated: 1 of 2147483647; total allocated: 1 of 2147483647]
23:00:58.868 [main] DEBUG com.github.dockerjava.zerodep.shaded.org.apache.hc.client5.http.impl.io.PoolingHttpClientConnectionManager -- ex-0000001C: endpoint leased [route: {}->unix://localhost:2375][total available: 0; route allocated: 1 of 2147483647; total allocated: 1 of 2147483647]
23:00:58.868 [main] DEBUG com.github.dockerjava.zerodep.shaded.org.apache.hc.client5.http.impl.io.PoolingHttpClientConnectionManager -- ex-0000001C: acquired ep-0000001B
23:00:58.868 [main] DEBUG com.github.dockerjava.zerodep.shaded.org.apache.hc.client5.http.impl.classic.InternalHttpClient -- ex-0000001C: acquired endpoint ep-0000001B
23:00:58.868 [main] DEBUG com.github.dockerjava.zerodep.shaded.org.apache.hc.client5.http.impl.classic.MainClientExec -- ex-0000001C: executing POST /v1.32/containers/create HTTP/1.1
23:00:58.868 [main] DEBUG com.github.dockerjava.zerodep.shaded.org.apache.hc.client5.http.impl.classic.InternalHttpClient -- ep-0000001B: start execution ex-0000001C
23:00:58.868 [main] DEBUG com.github.dockerjava.zerodep.shaded.org.apache.hc.client5.http.impl.io.PoolingHttpClientConnectionManager -- ep-0000001B: executing exchange ex-0000001C over http-outgoing-1
23:00:58.868 [main] DEBUG com.github.dockerjava.zerodep.shaded.org.apache.hc.client5.http.headers -- http-outgoing-1 >> POST /v1.32/containers/create HTTP/1.1
23:00:58.868 [main] DEBUG com.github.dockerjava.zerodep.shaded.org.apache.hc.client5.http.headers -- http-outgoing-1 >> X-Registry-Auth: eyJ1c2VybmFtZSI6ImFtYXJnb29yIiwicGFzc3dvcmQiOiJkY2tyX3BhdF9Fd19oZ2x6Vm1tUTNQbl8tdUZ4TDNTOUxKOFkiLCJlbWFpbCI6bnVsbCwic2VydmVyYWRkcmVzcyI6Imh0dHBzOi8vaW5kZXguZG9ja2VyLmlvL3YxLyIsImF1dGgiOm51bGwsInJlZ2lzdHJ5dG9rZW4iOm51bGwsImlkZW50aXR5dG9rZW4iOm51bGwsInN0YWNrT3JjaGVzdHJhdG9yIjpudWxsfQ==
23:00:58.868 [main] DEBUG com.github.dockerjava.zerodep.shaded.org.apache.hc.client5.http.headers -- http-outgoing-1 >> accept: application/json
23:00:58.868 [main] DEBUG com.github.dockerjava.zerodep.shaded.org.apache.hc.client5.http.headers -- http-outgoing-1 >> content-type: application/json
23:00:58.868 [main] DEBUG com.github.dockerjava.zerodep.shaded.org.apache.hc.client5.http.headers -- http-outgoing-1 >> x-tc-sid: 6a6fa4c1-7541-4d91-8332-f034f978b701
23:00:58.868 [main] DEBUG com.github.dockerjava.zerodep.shaded.org.apache.hc.client5.http.headers -- http-outgoing-1 >> User-Agent: tc-java/1.20.6
23:00:58.868 [main] DEBUG com.github.dockerjava.zerodep.shaded.org.apache.hc.client5.http.headers -- http-outgoing-1 >> Accept-Encoding: gzip, x-gzip, deflate
23:00:58.868 [main] DEBUG com.github.dockerjava.zerodep.shaded.org.apache.hc.client5.http.headers -- http-outgoing-1 >> Content-Length: 2103
23:00:58.868 [main] DEBUG com.github.dockerjava.zerodep.shaded.org.apache.hc.client5.http.headers -- http-outgoing-1 >> Host: localhost:2375
23:00:58.868 [main] DEBUG com.github.dockerjava.zerodep.shaded.org.apache.hc.client5.http.headers -- http-outgoing-1 >> Connection: keep-alive
23:00:58.868 [main] DEBUG com.github.dockerjava.zerodep.shaded.org.apache.hc.client5.http.wire -- http-outgoing-1 >> "POST /v1.32/containers/create HTTP/1.1[\r][\n]"
23:00:58.868 [main] DEBUG com.github.dockerjava.zerodep.shaded.org.apache.hc.client5.http.wire -- http-outgoing-1 >> "X-Registry-Auth: eyJ1c2VybmFtZSI6ImFtYXJnb29yIiwicGFzc3dvcmQiOiJkY2tyX3BhdF9Fd19oZ2x6Vm1tUTNQbl8tdUZ4TDNTOUxKOFkiLCJlbWFpbCI6bnVsbCwic2VydmVyYWRkcmVzcyI6Imh0dHBzOi8vaW5kZXguZG9ja2VyLmlvL3YxLyIsImF1dGgiOm51bGwsInJlZ2lzdHJ5dG9rZW4iOm51bGwsImlkZW50aXR5dG9rZW4iOm51bGwsInN0YWNrT3JjaGVzdHJhdG9yIjpudWxsfQ==[\r][\n]"
23:00:58.868 [main] DEBUG com.github.dockerjava.zerodep.shaded.org.apache.hc.client5.http.wire -- http-outgoing-1 >> "accept: application/json[\r][\n]"
23:00:58.868 [main] DEBUG com.github.dockerjava.zerodep.shaded.org.apache.hc.client5.http.wire -- http-outgoing-1 >> "content-type: application/json[\r][\n]"
23:00:58.868 [main] DEBUG com.github.dockerjava.zerodep.shaded.org.apache.hc.client5.http.wire -- http-outgoing-1 >> "x-tc-sid: 6a6fa4c1-7541-4d91-8332-f034f978b701[\r][\n]"
23:00:58.868 [main] DEBUG com.github.dockerjava.zerodep.shaded.org.apache.hc.client5.http.wire -- http-outgoing-1 >> "User-Agent: tc-java/1.20.6[\r][\n]"
23:00:58.868 [main] DEBUG com.github.dockerjava.zerodep.shaded.org.apache.hc.client5.http.wire -- http-outgoing-1 >> "Accept-Encoding: gzip, x-gzip, deflate[\r][\n]"
23:00:58.868 [main] DEBUG com.github.dockerjava.zerodep.shaded.org.apache.hc.client5.http.wire -- http-outgoing-1 >> "Content-Length: 2103[\r][\n]"
23:00:58.868 [main] DEBUG com.github.dockerjava.zerodep.shaded.org.apache.hc.client5.http.wire -- http-outgoing-1 >> "Host: localhost:2375[\r][\n]"
23:00:58.868 [main] DEBUG com.github.dockerjava.zerodep.shaded.org.apache.hc.client5.http.wire -- http-outgoing-1 >> "Connection: keep-alive[\r][\n]"
23:00:58.868 [main] DEBUG com.github.dockerjava.zerodep.shaded.org.apache.hc.client5.http.wire -- http-outgoing-1 >> "[\r][\n]"
23:00:58.868 [main] DEBUG com.github.dockerjava.zerodep.shaded.org.apache.hc.client5.http.wire -- http-outgoing-1 >> "{"Hostname":null,"Domainname":null,"User":null,"AttachStdin":null,"AttachStdout":null,"AttachStderr":null,"PortSpecs":null,"Tty":null,"OpenStdin":null,"StdinOnce":null,"Env":["NEO4J_AUTH=neo4j/testpassword"],"Cmd":[],"Healthcheck":null,"ArgsEscaped":null,"Entrypoint":null,"Image":"neo4j:4.4","Volumes":{},"WorkingDir":null,"MacAddress":null,"OnBuild":null,"NetworkDisabled":null,"ExposedPorts":{"7687/tcp":{},"7473/tcp":{},"7474/tcp":{}},"StopSignal":null,"StopTimeout":null,"HostConfig":{"Binds":[],"BlkioWeight":null,"BlkioWeightDevice":null,"BlkioDeviceReadBps":null,"BlkioDeviceWriteBps":null,"BlkioDeviceReadIOps":null,"BlkioDeviceWriteIOps":null,"MemorySwappiness":null,"NanoCpus":null,"CapAdd":null,"CapDrop":null,"ContainerIDFile":null,"CpuPeriod":null,"CpuRealtimePeriod":null,"CpuRealtimeRuntime":null,"CpuShares":null,"CpuQuota":null,"CpusetCpus":null,"CpusetMems":null,"Devices":null,"DeviceCgroupRules":null,"DeviceRequests":null,"DiskQuota":null,"Dns":null,"DnsOptions":null,"DnsSearch":null,"ExtraHosts":[],"GroupAdd":null,"IpcMode":null,"Cgroup":null,"Links":[],"LogConfig":null,"LxcConf":null,"Memory":null,"MemorySwap":null,"MemoryReservation":null,"KernelMemory":null,"NetworkMode":null,"OomKillDisable":null,"Init":null,"AutoRemove":null,"OomScoreAdj":null,"PortBindings":{"7473/tcp":[{"HostIp":"","HostPort":""}],"7687/tcp":[{"HostIp":"","HostPort":""}],"7474/tcp":[{"HostIp":"","HostPort":""}]},"Privileged":null,"PublishAllPorts":null,"ReadonlyRootfs":null,"RestartPolicy":null,"Ulimits":null,"CpuCount":null,"CpuPercent":null,"IOMaximumIOps":null,"IOMaximumBandwidth":null,"VolumesFrom":[],"Mounts":null,"PidMode":null,"Isolation":null,"SecurityOpt":null,"StorageOpt":null,"CgroupParent":null,"VolumeDriver":null,"ShmSize":null,"PidsLimit":null,"Runtime":null,"Tmpfs":null,"UTSMode":null,"UsernsMode":null,"Sysctls":null,"ConsoleSize":null,"CgroupnsMode":null},"Labels":{"org.testcontainers":"true","org.testcontainers.lang":"java","org.testcontainers.version":"1.20.6","org.testcontainers.sessionId":"6a6fa4c1-7541-4d91-8332-f034f978b701"},"Shell":null,"NetworkingConfig":null}"
23:00:58.900 [main] DEBUG com.github.dockerjava.zerodep.shaded.org.apache.hc.client5.http.wire -- http-outgoing-1 << "HTTP/1.1 201 Created[\r][\n]"
23:00:58.900 [main] DEBUG com.github.dockerjava.zerodep.shaded.org.apache.hc.client5.http.wire -- http-outgoing-1 << "Api-Version: 1.49[\r][\n]"
23:00:58.900 [main] DEBUG com.github.dockerjava.zerodep.shaded.org.apache.hc.client5.http.wire -- http-outgoing-1 << "Content-Type: application/json[\r][\n]"
23:00:58.900 [main] DEBUG com.github.dockerjava.zerodep.shaded.org.apache.hc.client5.http.wire -- http-outgoing-1 << "Date: Sat, 28 Jun 2025 22:00:58 GMT[\r][\n]"
23:00:58.900 [main] DEBUG com.github.dockerjava.zerodep.shaded.org.apache.hc.client5.http.wire -- http-outgoing-1 << "Docker-Experimental: false[\r][\n]"
23:00:58.900 [main] DEBUG com.github.dockerjava.zerodep.shaded.org.apache.hc.client5.http.wire -- http-outgoing-1 << "Ostype: linux[\r][\n]"
23:00:58.900 [main] DEBUG com.github.dockerjava.zerodep.shaded.org.apache.hc.client5.http.wire -- http-outgoing-1 << "Server: Docker/28.1.1 (linux)[\r][\n]"
23:00:58.900 [main] DEBUG com.github.dockerjava.zerodep.shaded.org.apache.hc.client5.http.wire -- http-outgoing-1 << "Transfer-Encoding: chunked[\r][\n]"
23:00:58.900 [main] DEBUG com.github.dockerjava.zerodep.shaded.org.apache.hc.client5.http.wire -- http-outgoing-1 << "[\r][\n]"
23:00:58.900 [main] DEBUG com.github.dockerjava.zerodep.shaded.org.apache.hc.client5.http.headers -- http-outgoing-1 << HTTP/1.1 201 Created
23:00:58.900 [main] DEBUG com.github.dockerjava.zerodep.shaded.org.apache.hc.client5.http.headers -- http-outgoing-1 << Api-Version: 1.49
23:00:58.900 [main] DEBUG com.github.dockerjava.zerodep.shaded.org.apache.hc.client5.http.headers -- http-outgoing-1 << Content-Type: application/json
23:00:58.900 [main] DEBUG com.github.dockerjava.zerodep.shaded.org.apache.hc.client5.http.headers -- http-outgoing-1 << Date: Sat, 28 Jun 2025 22:00:58 GMT
23:00:58.900 [main] DEBUG com.github.dockerjava.zerodep.shaded.org.apache.hc.client5.http.headers -- http-outgoing-1 << Docker-Experimental: false
23:00:58.900 [main] DEBUG com.github.dockerjava.zerodep.shaded.org.apache.hc.client5.http.headers -- http-outgoing-1 << Ostype: linux
23:00:58.900 [main] DEBUG com.github.dockerjava.zerodep.shaded.org.apache.hc.client5.http.headers -- http-outgoing-1 << Server: Docker/28.1.1 (linux)
23:00:58.900 [main] DEBUG com.github.dockerjava.zerodep.shaded.org.apache.hc.client5.http.headers -- http-outgoing-1 << Transfer-Encoding: chunked
23:00:58.900 [main] DEBUG com.github.dockerjava.zerodep.shaded.org.apache.hc.client5.http.impl.classic.MainClientExec -- ex-0000001C: connection can be kept alive for 3 MINUTES
23:00:58.900 [main] DEBUG com.github.dockerjava.zerodep.shaded.org.apache.hc.client5.http.wire -- http-outgoing-1 << "58[\r][\n]"
23:00:58.900 [main] DEBUG com.github.dockerjava.zerodep.shaded.org.apache.hc.client5.http.wire -- http-outgoing-1 << "{"Id":"36b3cacd3d6a50a033de8d670444865288c30feb6246f5753f0cc649876ff1d2","Warnings":[]}[\n]"
23:00:58.900 [main] DEBUG com.github.dockerjava.zerodep.shaded.org.apache.hc.client5.http.wire -- http-outgoing-1 << "[\r][\n]"
23:00:58.900 [main] DEBUG com.github.dockerjava.zerodep.shaded.org.apache.hc.client5.http.wire -- http-outgoing-1 << "0[\r][\n]"
23:00:58.900 [main] DEBUG com.github.dockerjava.zerodep.shaded.org.apache.hc.client5.http.wire -- http-outgoing-1 << "[\r][\n]"
23:00:58.901 [main] DEBUG com.github.dockerjava.zerodep.shaded.org.apache.hc.client5.http.impl.classic.InternalHttpClient -- ep-0000001B: releasing valid endpoint
23:00:58.901 [main] DEBUG com.github.dockerjava.zerodep.shaded.org.apache.hc.client5.http.impl.io.PoolingHttpClientConnectionManager -- ep-0000001B: releasing endpoint
23:00:58.901 [main] DEBUG com.github.dockerjava.zerodep.shaded.org.apache.hc.client5.http.impl.io.PoolingHttpClientConnectionManager -- ep-0000001B: connection http-outgoing-1 can be kept alive for 3 MINUTES
23:00:58.901 [main] DEBUG com.github.dockerjava.zerodep.shaded.org.apache.hc.client5.http.impl.io.PoolingHttpClientConnectionManager -- ep-0000001B: connection released [route: {}->unix://localhost:2375][total available: 1; route allocated: 1 of 2147483647; total allocated: 1 of 2147483647]
23:00:58.901 [main] INFO tc.neo4j:4.4 -- Container neo4j:4.4 is starting: 36b3cacd3d6a50a033de8d670444865288c30feb6246f5753f0cc649876ff1d2
23:00:58.901 [main] DEBUG org.testcontainers.shaded.com.github.dockerjava.core.command.AbstrDockerCmd -- Cmd: 36b3cacd3d6a50a033de8d670444865288c30feb6246f5753f0cc649876ff1d2
23:00:58.901 [main] DEBUG com.github.dockerjava.zerodep.shaded.org.apache.hc.client5.http.impl.classic.InternalHttpClient -- ex-0000001D: preparing request execution
23:00:58.901 [main] DEBUG com.github.dockerjava.zerodep.shaded.org.apache.hc.client5.http.protocol.RequestAddCookies -- Cookie spec selected: strict
23:00:58.901 [main] DEBUG com.github.dockerjava.zerodep.shaded.org.apache.hc.client5.http.protocol.RequestAuthCache -- Auth cache not set in the context
23:00:58.901 [main] DEBUG com.github.dockerjava.zerodep.shaded.org.apache.hc.client5.http.impl.classic.ProtocolExec -- ex-0000001D: target auth state: UNCHALLENGED
23:00:58.901 [main] DEBUG com.github.dockerjava.zerodep.shaded.org.apache.hc.client5.http.impl.classic.ProtocolExec -- ex-0000001D: proxy auth state: UNCHALLENGED
23:00:58.901 [main] DEBUG com.github.dockerjava.zerodep.shaded.org.apache.hc.client5.http.impl.classic.ConnectExec -- ex-0000001D: acquiring connection with route {}->unix://localhost:2375
23:00:58.901 [main] DEBUG com.github.dockerjava.zerodep.shaded.org.apache.hc.client5.http.impl.classic.InternalHttpClient -- ex-0000001D: acquiring endpoint (3 MINUTES)
23:00:58.901 [main] DEBUG com.github.dockerjava.zerodep.shaded.org.apache.hc.client5.http.impl.io.PoolingHttpClientConnectionManager -- ex-0000001D: endpoint lease request (3 MINUTES) [route: {}->unix://localhost:2375][total available: 1; route allocated: 1 of 2147483647; total allocated: 1 of 2147483647]
23:00:58.901 [main] DEBUG com.github.dockerjava.zerodep.shaded.org.apache.hc.client5.http.impl.io.PoolingHttpClientConnectionManager -- ex-0000001D: endpoint leased [route: {}->unix://localhost:2375][total available: 0; route allocated: 1 of 2147483647; total allocated: 1 of 2147483647]
23:00:58.901 [main] DEBUG com.github.dockerjava.zerodep.shaded.org.apache.hc.client5.http.impl.io.PoolingHttpClientConnectionManager -- ex-0000001D: acquired ep-0000001C
23:00:58.901 [main] DEBUG com.github.dockerjava.zerodep.shaded.org.apache.hc.client5.http.impl.classic.InternalHttpClient -- ex-0000001D: acquired endpoint ep-0000001C
23:00:58.901 [main] DEBUG com.github.dockerjava.zerodep.shaded.org.apache.hc.client5.http.impl.classic.MainClientExec -- ex-0000001D: executing POST /v1.32/containers/36b3cacd3d6a50a033de8d670444865288c30feb6246f5753f0cc649876ff1d2/start HTTP/1.1
23:00:58.901 [main] DEBUG com.github.dockerjava.zerodep.shaded.org.apache.hc.client5.http.impl.classic.InternalHttpClient -- ep-0000001C: start execution ex-0000001D
23:00:58.901 [main] DEBUG com.github.dockerjava.zerodep.shaded.org.apache.hc.client5.http.impl.io.PoolingHttpClientConnectionManager -- ep-0000001C: executing exchange ex-0000001D over http-outgoing-1
23:00:58.901 [main] DEBUG com.github.dockerjava.zerodep.shaded.org.apache.hc.client5.http.headers -- http-outgoing-1 >> POST /v1.32/containers/36b3cacd3d6a50a033de8d670444865288c30feb6246f5753f0cc649876ff1d2/start HTTP/1.1
23:00:58.901 [main] DEBUG com.github.dockerjava.zerodep.shaded.org.apache.hc.client5.http.headers -- http-outgoing-1 >> accept: application/json
23:00:58.901 [main] DEBUG com.github.dockerjava.zerodep.shaded.org.apache.hc.client5.http.headers -- http-outgoing-1 >> content-type: application/json
23:00:58.901 [main] DEBUG com.github.dockerjava.zerodep.shaded.org.apache.hc.client5.http.headers -- http-outgoing-1 >> x-tc-sid: 6a6fa4c1-7541-4d91-8332-f034f978b701
23:00:58.901 [main] DEBUG com.github.dockerjava.zerodep.shaded.org.apache.hc.client5.http.headers -- http-outgoing-1 >> User-Agent: tc-java/1.20.6
23:00:58.901 [main] DEBUG com.github.dockerjava.zerodep.shaded.org.apache.hc.client5.http.headers -- http-outgoing-1 >> Accept-Encoding: gzip, x-gzip, deflate
23:00:58.901 [main] DEBUG com.github.dockerjava.zerodep.shaded.org.apache.hc.client5.http.headers -- http-outgoing-1 >> Host: localhost:2375
23:00:58.901 [main] DEBUG com.github.dockerjava.zerodep.shaded.org.apache.hc.client5.http.headers -- http-outgoing-1 >> Connection: keep-alive
23:00:58.901 [main] DEBUG com.github.dockerjava.zerodep.shaded.org.apache.hc.client5.http.wire -- http-outgoing-1 >> "POST /v1.32/containers/36b3cacd3d6a50a033de8d670444865288c30feb6246f5753f0cc649876ff1d2/start HTTP/1.1[\r][\n]"
23:00:58.901 [main] DEBUG com.github.dockerjava.zerodep.shaded.org.apache.hc.client5.http.wire -- http-outgoing-1 >> "accept: application/json[\r][\n]"
23:00:58.901 [main] DEBUG com.github.dockerjava.zerodep.shaded.org.apache.hc.client5.http.wire -- http-outgoing-1 >> "content-type: application/json[\r][\n]"
23:00:58.901 [main] DEBUG com.github.dockerjava.zerodep.shaded.org.apache.hc.client5.http.wire -- http-outgoing-1 >> "x-tc-sid: 6a6fa4c1-7541-4d91-8332-f034f978b701[\r][\n]"
23:00:58.901 [main] DEBUG com.github.dockerjava.zerodep.shaded.org.apache.hc.client5.http.wire -- http-outgoing-1 >> "User-Agent: tc-java/1.20.6[\r][\n]"
23:00:58.901 [main] DEBUG com.github.dockerjava.zerodep.shaded.org.apache.hc.client5.http.wire -- http-outgoing-1 >> "Accept-Encoding: gzip, x-gzip, deflate[\r][\n]"
23:00:58.901 [main] DEBUG com.github.dockerjava.zerodep.shaded.org.apache.hc.client5.http.wire -- http-outgoing-1 >> "Host: localhost:2375[\r][\n]"
23:00:58.901 [main] DEBUG com.github.dockerjava.zerodep.shaded.org.apache.hc.client5.http.wire -- http-outgoing-1 >> "Connection: keep-alive[\r][\n]"
23:00:58.901 [main] DEBUG com.github.dockerjava.zerodep.shaded.org.apache.hc.client5.http.wire -- http-outgoing-1 >> "[\r][\n]"
23:00:58.978 [main] DEBUG com.github.dockerjava.zerodep.shaded.org.apache.hc.client5.http.wire -- http-outgoing-1 << "HTTP/1.1 204 No Content[\r][\n]"
23:00:58.978 [main] DEBUG com.github.dockerjava.zerodep.shaded.org.apache.hc.client5.http.wire -- http-outgoing-1 << "Api-Version: 1.49[\r][\n]"
23:00:58.978 [main] DEBUG com.github.dockerjava.zerodep.shaded.org.apache.hc.client5.http.wire -- http-outgoing-1 << "Date: Sat, 28 Jun 2025 22:00:58 GMT[\r][\n]"
23:00:58.978 [main] DEBUG com.github.dockerjava.zerodep.shaded.org.apache.hc.client5.http.wire -- http-outgoing-1 << "Docker-Experimental: false[\r][\n]"
23:00:58.978 [main] DEBUG com.github.dockerjava.zerodep.shaded.org.apache.hc.client5.http.wire -- http-outgoing-1 << "Ostype: linux[\r][\n]"
23:00:58.978 [main] DEBUG com.github.dockerjava.zerodep.shaded.org.apache.hc.client5.http.wire -- http-outgoing-1 << "Server: Docker/28.1.1 (linux)[\r][\n]"
23:00:58.978 [main] DEBUG com.github.dockerjava.zerodep.shaded.org.apache.hc.client5.http.wire -- http-outgoing-1 << "[\r][\n]"
23:00:58.978 [main] DEBUG com.github.dockerjava.zerodep.shaded.org.apache.hc.client5.http.headers -- http-outgoing-1 << HTTP/1.1 204 No Content
23:00:58.978 [main] DEBUG com.github.dockerjava.zerodep.shaded.org.apache.hc.client5.http.headers -- http-outgoing-1 << Api-Version: 1.49
23:00:58.978 [main] DEBUG com.github.dockerjava.zerodep.shaded.org.apache.hc.client5.http.headers -- http-outgoing-1 << Date: Sat, 28 Jun 2025 22:00:58 GMT
23:00:58.978 [main] DEBUG com.github.dockerjava.zerodep.shaded.org.apache.hc.client5.http.headers -- http-outgoing-1 << Docker-Experimental: false
23:00:58.978 [main] DEBUG com.github.dockerjava.zerodep.shaded.org.apache.hc.client5.http.headers -- http-outgoing-1 << Ostype: linux
23:00:58.978 [main] DEBUG com.github.dockerjava.zerodep.shaded.org.apache.hc.client5.http.headers -- http-outgoing-1 << Server: Docker/28.1.1 (linux)
23:00:58.978 [main] DEBUG com.github.dockerjava.zerodep.shaded.org.apache.hc.client5.http.impl.classic.MainClientExec -- ex-0000001D: connection can be kept alive for 3 MINUTES
23:00:58.978 [main] DEBUG com.github.dockerjava.zerodep.shaded.org.apache.hc.client5.http.impl.classic.InternalHttpClient -- ep-0000001C: releasing valid endpoint
23:00:58.978 [main] DEBUG com.github.dockerjava.zerodep.shaded.org.apache.hc.client5.http.impl.io.PoolingHttpClientConnectionManager -- ep-0000001C: releasing endpoint
23:00:58.978 [main] DEBUG com.github.dockerjava.zerodep.shaded.org.apache.hc.client5.http.impl.io.PoolingHttpClientConnectionManager -- ep-0000001C: connection http-outgoing-1 can be kept alive for 3 MINUTES
23:00:58.978 [main] DEBUG com.github.dockerjava.zerodep.shaded.org.apache.hc.client5.http.impl.io.PoolingHttpClientConnectionManager -- ep-0000001C: connection released [route: {}->unix://localhost:2375][total available: 1; route allocated: 1 of 2147483647; total allocated: 1 of 2147483647]
23:00:58.978 [main] DEBUG org.testcontainers.shaded.com.github.dockerjava.core.command.AbstrDockerCmd -- Cmd: 36b3cacd3d6a50a033de8d670444865288c30feb6246f5753f0cc649876ff1d2,false
23:00:58.979 [main] DEBUG org.testcontainers.shaded.com.github.dockerjava.core.exec.InspectContainerCmdExec -- GET: DefaultWebTarget{path=[/containers/36b3cacd3d6a50a033de8d670444865288c30feb6246f5753f0cc649876ff1d2/json], queryParams={}}
23:00:58.979 [main] DEBUG com.github.dockerjava.zerodep.shaded.org.apache.hc.client5.http.impl.classic.InternalHttpClient -- ex-0000001E: preparing request execution
23:00:58.979 [main] DEBUG com.github.dockerjava.zerodep.shaded.org.apache.hc.client5.http.protocol.RequestAddCookies -- Cookie spec selected: strict
23:00:58.979 [main] DEBUG com.github.dockerjava.zerodep.shaded.org.apache.hc.client5.http.protocol.RequestAuthCache -- Auth cache not set in the context
23:00:58.979 [main] DEBUG com.github.dockerjava.zerodep.shaded.org.apache.hc.client5.http.impl.classic.ProtocolExec -- ex-0000001E: target auth state: UNCHALLENGED
23:00:58.979 [main] DEBUG com.github.dockerjava.zerodep.shaded.org.apache.hc.client5.http.impl.classic.ProtocolExec -- ex-0000001E: proxy auth state: UNCHALLENGED
23:00:58.979 [main] DEBUG com.github.dockerjava.zerodep.shaded.org.apache.hc.client5.http.impl.classic.ConnectExec -- ex-0000001E: acquiring connection with route {}->unix://localhost:2375
23:00:58.979 [main] DEBUG com.github.dockerjava.zerodep.shaded.org.apache.hc.client5.http.impl.classic.InternalHttpClient -- ex-0000001E: acquiring endpoint (3 MINUTES)
23:00:58.979 [main] DEBUG com.github.dockerjava.zerodep.shaded.org.apache.hc.client5.http.impl.io.PoolingHttpClientConnectionManager -- ex-0000001E: endpoint lease request (3 MINUTES) [route: {}->unix://localhost:2375][total available: 1; route allocated: 1 of 2147483647; total allocated: 1 of 2147483647]
23:00:58.979 [main] DEBUG com.github.dockerjava.zerodep.shaded.org.apache.hc.client5.http.impl.io.PoolingHttpClientConnectionManager -- ex-0000001E: endpoint leased [route: {}->unix://localhost:2375][total available: 0; route allocated: 1 of 2147483647; total allocated: 1 of 2147483647]
23:00:58.979 [main] DEBUG com.github.dockerjava.zerodep.shaded.org.apache.hc.client5.http.impl.io.PoolingHttpClientConnectionManager -- ex-0000001E: acquired ep-0000001D
23:00:58.979 [main] DEBUG com.github.dockerjava.zerodep.shaded.org.apache.hc.client5.http.impl.classic.InternalHttpClient -- ex-0000001E: acquired endpoint ep-0000001D
23:00:58.979 [main] DEBUG com.github.dockerjava.zerodep.shaded.org.apache.hc.client5.http.impl.classic.MainClientExec -- ex-0000001E: executing GET /v1.32/containers/36b3cacd3d6a50a033de8d670444865288c30feb6246f5753f0cc649876ff1d2/json HTTP/1.1
23:00:58.979 [main] DEBUG com.github.dockerjava.zerodep.shaded.org.apache.hc.client5.http.impl.classic.InternalHttpClient -- ep-0000001D: start execution ex-0000001E
23:00:58.979 [main] DEBUG com.github.dockerjava.zerodep.shaded.org.apache.hc.client5.http.impl.io.PoolingHttpClientConnectionManager -- ep-0000001D: executing exchange ex-0000001E over http-outgoing-1
23:00:58.979 [main] DEBUG com.github.dockerjava.zerodep.shaded.org.apache.hc.client5.http.headers -- http-outgoing-1 >> GET /v1.32/containers/36b3cacd3d6a50a033de8d670444865288c30feb6246f5753f0cc649876ff1d2/json HTTP/1.1
23:00:58.979 [main] DEBUG com.github.dockerjava.zerodep.shaded.org.apache.hc.client5.http.headers -- http-outgoing-1 >> accept: application/json
23:00:58.979 [main] DEBUG com.github.dockerjava.zerodep.shaded.org.apache.hc.client5.http.headers -- http-outgoing-1 >> x-tc-sid: 6a6fa4c1-7541-4d91-8332-f034f978b701
23:00:58.979 [main] DEBUG com.github.dockerjava.zerodep.shaded.org.apache.hc.client5.http.headers -- http-outgoing-1 >> User-Agent: tc-java/1.20.6
23:00:58.979 [main] DEBUG com.github.dockerjava.zerodep.shaded.org.apache.hc.client5.http.headers -- http-outgoing-1 >> Accept-Encoding: gzip, x-gzip, deflate
23:00:58.979 [main] DEBUG com.github.dockerjava.zerodep.shaded.org.apache.hc.client5.http.headers -- http-outgoing-1 >> Host: localhost:2375
23:00:58.979 [main] DEBUG com.github.dockerjava.zerodep.shaded.org.apache.hc.client5.http.headers -- http-outgoing-1 >> Connection: keep-alive
23:00:58.979 [main] DEBUG com.github.dockerjava.zerodep.shaded.org.apache.hc.client5.http.wire -- http-outgoing-1 >> "GET /v1.32/containers/36b3cacd3d6a50a033de8d670444865288c30feb6246f5753f0cc649876ff1d2/json HTTP/1.1[\r][\n]"
23:00:58.979 [main] DEBUG com.github.dockerjava.zerodep.shaded.org.apache.hc.client5.http.wire -- http-outgoing-1 >> "accept: application/json[\r][\n]"
23:00:58.979 [main] DEBUG com.github.dockerjava.zerodep.shaded.org.apache.hc.client5.http.wire -- http-outgoing-1 >> "x-tc-sid: 6a6fa4c1-7541-4d91-8332-f034f978b701[\r][\n]"
23:00:58.979 [main] DEBUG com.github.dockerjava.zerodep.shaded.org.apache.hc.client5.http.wire -- http-outgoing-1 >> "User-Agent: tc-java/1.20.6[\r][\n]"
23:00:58.979 [main] DEBUG com.github.dockerjava.zerodep.shaded.org.apache.hc.client5.http.wire -- http-outgoing-1 >> "Accept-Encoding: gzip, x-gzip, deflate[\r][\n]"
23:00:58.979 [main] DEBUG com.github.dockerjava.zerodep.shaded.org.apache.hc.client5.http.wire -- http-outgoing-1 >> "Host: localhost:2375[\r][\n]"
23:00:58.979 [main] DEBUG com.github.dockerjava.zerodep.shaded.org.apache.hc.client5.http.wire -- http-outgoing-1 >> "Connection: keep-alive[\r][\n]"
23:00:58.979 [main] DEBUG com.github.dockerjava.zerodep.shaded.org.apache.hc.client5.http.wire -- http-outgoing-1 >> "[\r][\n]"
23:00:58.980 [main] DEBUG com.github.dockerjava.zerodep.shaded.org.apache.hc.client5.http.wire -- http-outgoing-1 << "HTTP/1.1 200 OK[\r][\n]"
23:00:58.980 [main] DEBUG com.github.dockerjava.zerodep.shaded.org.apache.hc.client5.http.wire -- http-outgoing-1 << "Api-Version: 1.49[\r][\n]"
23:00:58.980 [main] DEBUG com.github.dockerjava.zerodep.shaded.org.apache.hc.client5.http.wire -- http-outgoing-1 << "Content-Type: application/json[\r][\n]"
23:00:58.980 [main] DEBUG com.github.dockerjava.zerodep.shaded.org.apache.hc.client5.http.wire -- http-outgoing-1 << "Date: Sat, 28 Jun 2025 22:00:58 GMT[\r][\n]"
23:00:58.980 [main] DEBUG com.github.dockerjava.zerodep.shaded.org.apache.hc.client5.http.wire -- http-outgoing-1 << "Docker-Experimental: false[\r][\n]"
23:00:58.980 [main] DEBUG com.github.dockerjava.zerodep.shaded.org.apache.hc.client5.http.wire -- http-outgoing-1 << "Ostype: linux[\r][\n]"
23:00:58.980 [main] DEBUG com.github.dockerjava.zerodep.shaded.org.apache.hc.client5.http.wire -- http-outgoing-1 << "Server: Docker/28.1.1 (linux)[\r][\n]"
23:00:58.980 [main] DEBUG com.github.dockerjava.zerodep.shaded.org.apache.hc.client5.http.wire -- http-outgoing-1 << "Transfer-Encoding: chunked[\r][\n]"
23:00:58.980 [main] DEBUG com.github.dockerjava.zerodep.shaded.org.apache.hc.client5.http.wire -- http-outgoing-1 << "[\r][\n]"
23:00:58.981 [main] DEBUG com.github.dockerjava.zerodep.shaded.org.apache.hc.client5.http.headers -- http-outgoing-1 << HTTP/1.1 200 OK
23:00:58.981 [main] DEBUG com.github.dockerjava.zerodep.shaded.org.apache.hc.client5.http.headers -- http-outgoing-1 << Api-Version: 1.49
23:00:58.981 [main] DEBUG com.github.dockerjava.zerodep.shaded.org.apache.hc.client5.http.headers -- http-outgoing-1 << Content-Type: application/json
23:00:58.981 [main] DEBUG com.github.dockerjava.zerodep.shaded.org.apache.hc.client5.http.headers -- http-outgoing-1 << Date: Sat, 28 Jun 2025 22:00:58 GMT
23:00:58.981 [main] DEBUG com.github.dockerjava.zerodep.shaded.org.apache.hc.client5.http.headers -- http-outgoing-1 << Docker-Experimental: false
23:00:58.981 [main] DEBUG com.github.dockerjava.zerodep.shaded.org.apache.hc.client5.http.headers -- http-outgoing-1 << Ostype: linux
23:00:58.981 [main] DEBUG com.github.dockerjava.zerodep.shaded.org.apache.hc.client5.http.headers -- http-outgoing-1 << Server: Docker/28.1.1 (linux)
23:00:58.981 [main] DEBUG com.github.dockerjava.zerodep.shaded.org.apache.hc.client5.http.headers -- http-outgoing-1 << Transfer-Encoding: chunked
23:00:58.981 [main] DEBUG com.github.dockerjava.zerodep.shaded.org.apache.hc.client5.http.impl.classic.MainClientExec -- ex-0000001E: connection can be kept alive for 3 MINUTES
23:00:58.981 [main] DEBUG com.github.dockerjava.zerodep.shaded.org.apache.hc.client5.http.wire -- http-outgoing-1 << "153a[\r][\n]"
23:00:58.981 [main] DEBUG com.github.dockerjava.zerodep.shaded.org.apache.hc.client5.http.wire -- http-outgoing-1 << "{"Id":"36b3cacd3d6a50a033de8d670444865288c30feb6246f5753f0cc649876ff1d2","Created":"2025-06-28T22:00:58.878180626Z","Path":"tini","Args":["-g","--","/startup/docker-entrypoint.sh","neo4j"],"State":{"Status":"running","Running":true,"Paused":false,"Restarting":false,"OOMKilled":false,"Dead":false,"Pid":819,"ExitCode":0,"Error":"","StartedAt":"2025-06-28T22:00:58.908838626Z","FinishedAt":"0001-01-01T00:00:00Z"},"Image":"sha256:16e72e7e36299f0e1ccb14d60a28203a76b868b71c0814735a7481675acc1936","ResolvConfPath":"/var/lib/docker/containers/36b3cacd3d6a50a033de8d670444865288c30feb6246f5753f0cc649876ff1d2/resolv.conf","HostnamePath":"/var/lib/docker/containers/36b3cacd3d6a50a033de8d670444865288c30feb6246f5753f0cc649876ff1d2/hostname","HostsPath":"/var/lib/docker/containers/36b3cacd3d6a50a033de8d670444865288c30feb6246f5753f0cc649876ff1d2/hosts","LogPath":"/var/lib/docker/containers/36b3cacd3d6a50a033de8d670444865288c30feb6246f5753f0cc649876ff1d2/36b3cacd3d6a50a033de8d670444865288c30feb6246f5753f0cc649876ff1d2-json.log","Name":"/modest_franklin","RestartCount":0,"Driver":"overlayfs","Platform":"linux","MountLabel":"","ProcessLabel":"","AppArmorProfile":"","ExecIDs":null,"HostConfig":{"Binds":[],"ContainerIDFile":"","LogConfig":{"Type":"json-file","Config":{}},"NetworkMode":"bridge","PortBindings":{"7473/tcp":[{"HostIp":"0.0.0.0","HostPort":"0"}],"7474/tcp":[{"HostIp":"0.0.0.0","HostPort":"0"}],"7687/tcp":[{"HostIp":"0.0.0.0","HostPort":"0"}]},"RestartPolicy":{"Name":"no","MaximumRetryCount":0},"AutoRemove":false,"VolumeDriver":"","VolumesFrom":[],"ConsoleSize":[0,0],"CapAdd":null,"CapDrop":null,"CgroupnsMode":"private","Dns":null,"DnsOptions":null,"DnsSearch":null,"ExtraHosts":[],"GroupAdd":null,"IpcMode":"shareable","Cgroup":"","Links":null,"OomScoreAdj":0,"PidMode":"","Privileged":false,"PublishAllPorts":false,"ReadonlyRootfs":false,"SecurityOpt":null,"UTSMode":"","UsernsMode":"","ShmSize":67108864,"Runtime":"runc","Isolation":"","CpuShares":0,"Memory":0,"NanoCpus":0,"CgroupParent":"","BlkioWeight":0,"BlkioWeightDevice":null,"BlkioDeviceReadBps":null,"BlkioDeviceWriteBps":null,"BlkioDeviceReadIOps":null,"BlkioDeviceWriteIOps":null,"CpuPeriod":0,"CpuQuota":0,"CpuRealtimePeriod":0,"CpuRealtimeRuntime":0,"CpusetCpus":"","CpusetMems":"","Devices":null,"DeviceCgroupRules":null,"DeviceRequests":null,"MemoryReservation":0,"MemorySwap":0,"MemorySwappiness":null,"OomKillDisable":null,"PidsLimit":null,"Ulimits":null,"CpuCount":0,"CpuPercent":0,"IOMaximumIOps":0,"IOMaximumBandwidth":0,"MaskedPaths":["/proc/asound","/proc/acpi","/proc/interrupts","/proc/kcore","/proc/keys","/proc/latency_stats","/proc/timer_list","/proc/timer_stats","/proc/sched_debug","/proc/scsi","/sys/firmware","/sys/devices/virtual/powercap"],"ReadonlyPaths":["/proc/bus","/proc/fs","/proc/irq","/proc/sys","/proc/sysrq-trigger"]},"GraphDriver":{"Data":null,"Name":"overlayfs"},"Mounts":[{"Type":"volume","Name":"f03749f0ec498cd57a62e67eb7a158431e697e0d2f26edd8a4ad2be995020b1d","Source":"/var/lib/docker/volumes/f03749f0ec498cd57a62e67eb7a158431e697e0d2f26edd8a4ad2be995020b1d/_data","Destination":"/data","Driver":"local","Mode":"","RW":true,"Propagation":""},{"Type":"volume","Name":"23c9d3ce34b4a6f67c6221d9a6f2442736dd78421e2ad7aab1f21b40669c4fd9","Source":"/var/lib/docker/volumes/23c9d3ce34b4a6f67c6221d9a6f2442736dd78421e2ad7aab1f21b40669c4fd9/_data","Destination":"/logs","Driver":"local","Mode":"","RW":true,"Propagation":""}],"Config":{"Hostname":"36b3cacd3d6a","Domainname":"","User":"","AttachStdin":false,"AttachStdout":false,"AttachStderr":false,"ExposedPorts":{"7473/tcp":{},"7474/tcp":{},"7687/tcp":{}},"Tty":false,"OpenStdin":false,"StdinOnce":false,"Env":["NEO4J_AUTH=neo4j/testpassword","PATH=/var/lib/neo4j/bin:/opt/java/openjdk/bin:/usr/local/sbin:/usr/local/bin:/usr/sbin:/usr/bin:/sbin:/bin","JAVA_HOME=/opt/java/openjdk","NEO4J_SHA256=7a4652c869dd875bd843ab1204bdcb2c5816abd1b57e27f9d0c6b32e55704814","NEO4J_TARBALL=neo4j-community-4.4.44-unix.tar.gz","NEO4J_EDITION=community","NEO4J_HOME=/var/lib/neo4j","LANG=C.UTF-8"],"Cmd":["neo4j"],"Image":"neo4j:4.4","Volumes":{"/data":{},"/logs":{}},"WorkingDir":"/var/lib/neo4j","Entrypoint":["tini","-g","--","/startup/docker-entrypoint.sh"],"OnBuild":null,"Labels":{"org.testcontainers":"true","org.testcontainers.lang":"java","org.testcontainers.sessionId":"6a6fa4c1-7541-4d91-8332-f034f978b701","org.testcontainers.version":"1.20.6"}},"NetworkSettings":{"Bridge":"","SandboxID":"f9d2955e3d5aee65960f68bec24d69f7ba0fc4d98acd2f0b6351bc24e201aaf4","SandboxKey":"/var/run/docker/netns/f9d2955e3d5a","Ports":{"7473/tcp":[],"7474/tcp":[],"7687/tcp":[]},"HairpinMode":false,"LinkLocalIPv6Address":"","LinkLocalIPv6PrefixLen":0,"SecondaryIPAddresses":null,"SecondaryIPv6Addresses":null,"EndpointID":"a1f7dac585ec1d8b1be97ebaefde56b4f11f6df6316420fdd2832a13671bb482","Gateway":"172.17.0.1","GlobalIPv6Address":"","GlobalIPv6PrefixLen":0,"IPAddress":"172.17.0.3","IPPrefixLen":16,"IPv6Gateway":"","MacAddress":"6a:0c:dd:6b:1d:a7","Networks":{"bridge":{"IPAMConfig":null,"Links":null,"Aliases":null,"MacAddress":"6a:0c:dd:6b:1d:a7","DriverOpts":null,"GwPriority":0,"NetworkID":"c6b59ee7fe0a5e9ae7897981cf5bd8e3be9c2ab6dcacf722a480c91b257a3b5d","EndpointID":"a1f7dac585ec1d8b1be97ebaefde56b4f11f6df6316420fdd2832a13671bb482","Gateway":"172.17.0.1","IPAddress":"172.17.0.3","IPPrefixLen":16,"IPv6Gateway":"","GlobalIPv6Address":"","GlobalIPv6PrefixLen":0,"DNSNames":null}}}}[\n]"
23:00:58.981 [main] DEBUG com.github.dockerjava.zerodep.shaded.org.apache.hc.client5.http.wire -- http-outgoing-1 << "[\r][\n]"
23:00:58.982 [main] DEBUG com.github.dockerjava.zerodep.shaded.org.apache.hc.client5.http.wire -- http-outgoing-1 << "0[\r][\n]"
23:00:58.982 [main] DEBUG com.github.dockerjava.zerodep.shaded.org.apache.hc.client5.http.wire -- http-outgoing-1 << "[\r][\n]"
23:00:58.982 [main] DEBUG com.github.dockerjava.zerodep.shaded.org.apache.hc.client5.http.impl.classic.InternalHttpClient -- ep-0000001D: releasing valid endpoint
23:00:58.982 [main] DEBUG com.github.dockerjava.zerodep.shaded.org.apache.hc.client5.http.impl.io.PoolingHttpClientConnectionManager -- ep-0000001D: releasing endpoint
23:00:58.982 [main] DEBUG com.github.dockerjava.zerodep.shaded.org.apache.hc.client5.http.impl.io.PoolingHttpClientConnectionManager -- ep-0000001D: connection http-outgoing-1 can be kept alive for 3 MINUTES
23:00:58.982 [main] DEBUG com.github.dockerjava.zerodep.shaded.org.apache.hc.client5.http.impl.io.PoolingHttpClientConnectionManager -- ep-0000001D: connection released [route: {}->unix://localhost:2375][total available: 1; route allocated: 1 of 2147483647; total allocated: 1 of 2147483647]
23:00:59.034 [main] DEBUG org.testcontainers.shaded.com.github.dockerjava.core.command.AbstrDockerCmd -- Cmd: 36b3cacd3d6a50a033de8d670444865288c30feb6246f5753f0cc649876ff1d2,false
23:00:59.035 [main] DEBUG org.testcontainers.shaded.com.github.dockerjava.core.exec.InspectContainerCmdExec -- GET: DefaultWebTarget{path=[/containers/36b3cacd3d6a50a033de8d670444865288c30feb6246f5753f0cc649876ff1d2/json], queryParams={}}
23:00:59.035 [main] DEBUG com.github.dockerjava.zerodep.shaded.org.apache.hc.client5.http.impl.classic.InternalHttpClient -- ex-0000001F: preparing request execution
23:00:59.035 [main] DEBUG com.github.dockerjava.zerodep.shaded.org.apache.hc.client5.http.protocol.RequestAddCookies -- Cookie spec selected: strict
23:00:59.035 [main] DEBUG com.github.dockerjava.zerodep.shaded.org.apache.hc.client5.http.protocol.RequestAuthCache -- Auth cache not set in the context
23:00:59.035 [main] DEBUG com.github.dockerjava.zerodep.shaded.org.apache.hc.client5.http.impl.classic.ProtocolExec -- ex-0000001F: target auth state: UNCHALLENGED
23:00:59.035 [main] DEBUG com.github.dockerjava.zerodep.shaded.org.apache.hc.client5.http.impl.classic.ProtocolExec -- ex-0000001F: proxy auth state: UNCHALLENGED
23:00:59.035 [main] DEBUG com.github.dockerjava.zerodep.shaded.org.apache.hc.client5.http.impl.classic.ConnectExec -- ex-0000001F: acquiring connection with route {}->unix://localhost:2375
23:00:59.035 [main] DEBUG com.github.dockerjava.zerodep.shaded.org.apache.hc.client5.http.impl.classic.InternalHttpClient -- ex-0000001F: acquiring endpoint (3 MINUTES)
23:00:59.035 [main] DEBUG com.github.dockerjava.zerodep.shaded.org.apache.hc.client5.http.impl.io.PoolingHttpClientConnectionManager -- ex-0000001F: endpoint lease request (3 MINUTES) [route: {}->unix://localhost:2375][total available: 1; route allocated: 1 of 2147483647; total allocated: 1 of 2147483647]
23:00:59.035 [main] DEBUG com.github.dockerjava.zerodep.shaded.org.apache.hc.client5.http.impl.io.PoolingHttpClientConnectionManager -- ex-0000001F: endpoint leased [route: {}->unix://localhost:2375][total available: 0; route allocated: 1 of 2147483647; total allocated: 1 of 2147483647]
23:00:59.035 [main] DEBUG com.github.dockerjava.zerodep.shaded.org.apache.hc.client5.http.impl.io.PoolingHttpClientConnectionManager -- ex-0000001F: acquired ep-0000001E
23:00:59.035 [main] DEBUG com.github.dockerjava.zerodep.shaded.org.apache.hc.client5.http.impl.classic.InternalHttpClient -- ex-0000001F: acquired endpoint ep-0000001E
23:00:59.035 [main] DEBUG com.github.dockerjava.zerodep.shaded.org.apache.hc.client5.http.impl.classic.MainClientExec -- ex-0000001F: executing GET /v1.32/containers/36b3cacd3d6a50a033de8d670444865288c30feb6246f5753f0cc649876ff1d2/json HTTP/1.1
23:00:59.035 [main] DEBUG com.github.dockerjava.zerodep.shaded.org.apache.hc.client5.http.impl.classic.InternalHttpClient -- ep-0000001E: start execution ex-0000001F
23:00:59.035 [main] DEBUG com.github.dockerjava.zerodep.shaded.org.apache.hc.client5.http.impl.io.PoolingHttpClientConnectionManager -- ep-0000001E: executing exchange ex-0000001F over http-outgoing-1
23:00:59.035 [main] DEBUG com.github.dockerjava.zerodep.shaded.org.apache.hc.client5.http.headers -- http-outgoing-1 >> GET /v1.32/containers/36b3cacd3d6a50a033de8d670444865288c30feb6246f5753f0cc649876ff1d2/json HTTP/1.1
23:00:59.035 [main] DEBUG com.github.dockerjava.zerodep.shaded.org.apache.hc.client5.http.headers -- http-outgoing-1 >> accept: application/json
23:00:59.035 [main] DEBUG com.github.dockerjava.zerodep.shaded.org.apache.hc.client5.http.headers -- http-outgoing-1 >> x-tc-sid: 6a6fa4c1-7541-4d91-8332-f034f978b701
23:00:59.035 [main] DEBUG com.github.dockerjava.zerodep.shaded.org.apache.hc.client5.http.headers -- http-outgoing-1 >> User-Agent: tc-java/1.20.6
23:00:59.035 [main] DEBUG com.github.dockerjava.zerodep.shaded.org.apache.hc.client5.http.headers -- http-outgoing-1 >> Accept-Encoding: gzip, x-gzip, deflate
23:00:59.035 [main] DEBUG com.github.dockerjava.zerodep.shaded.org.apache.hc.client5.http.headers -- http-outgoing-1 >> Host: localhost:2375
23:00:59.035 [main] DEBUG com.github.dockerjava.zerodep.shaded.org.apache.hc.client5.http.headers -- http-outgoing-1 >> Connection: keep-alive
23:00:59.035 [main] DEBUG com.github.dockerjava.zerodep.shaded.org.apache.hc.client5.http.wire -- http-outgoing-1 >> "GET /v1.32/containers/36b3cacd3d6a50a033de8d670444865288c30feb6246f5753f0cc649876ff1d2/json HTTP/1.1[\r][\n]"
23:00:59.035 [main] DEBUG com.github.dockerjava.zerodep.shaded.org.apache.hc.client5.http.wire -- http-outgoing-1 >> "accept: application/json[\r][\n]"
23:00:59.035 [main] DEBUG com.github.dockerjava.zerodep.shaded.org.apache.hc.client5.http.wire -- http-outgoing-1 >> "x-tc-sid: 6a6fa4c1-7541-4d91-8332-f034f978b701[\r][\n]"
23:00:59.035 [main] DEBUG com.github.dockerjava.zerodep.shaded.org.apache.hc.client5.http.wire -- http-outgoing-1 >> "User-Agent: tc-java/1.20.6[\r][\n]"
23:00:59.035 [main] DEBUG com.github.dockerjava.zerodep.shaded.org.apache.hc.client5.http.wire -- http-outgoing-1 >> "Accept-Encoding: gzip, x-gzip, deflate[\r][\n]"
23:00:59.035 [main] DEBUG com.github.dockerjava.zerodep.shaded.org.apache.hc.client5.http.wire -- http-outgoing-1 >> "Host: localhost:2375[\r][\n]"
23:00:59.035 [main] DEBUG com.github.dockerjava.zerodep.shaded.org.apache.hc.client5.http.wire -- http-outgoing-1 >> "Connection: keep-alive[\r][\n]"
23:00:59.035 [main] DEBUG com.github.dockerjava.zerodep.shaded.org.apache.hc.client5.http.wire -- http-outgoing-1 >> "[\r][\n]"
23:00:59.036 [main] DEBUG com.github.dockerjava.zerodep.shaded.org.apache.hc.client5.http.wire -- http-outgoing-1 << "HTTP/1.1 200 OK[\r][\n]"
23:00:59.036 [main] DEBUG com.github.dockerjava.zerodep.shaded.org.apache.hc.client5.http.wire -- http-outgoing-1 << "Api-Version: 1.49[\r][\n]"
23:00:59.036 [main] DEBUG com.github.dockerjava.zerodep.shaded.org.apache.hc.client5.http.wire -- http-outgoing-1 << "Content-Type: application/json[\r][\n]"
23:00:59.036 [main] DEBUG com.github.dockerjava.zerodep.shaded.org.apache.hc.client5.http.wire -- http-outgoing-1 << "Date: Sat, 28 Jun 2025 22:00:59 GMT[\r][\n]"
23:00:59.036 [main] DEBUG com.github.dockerjava.zerodep.shaded.org.apache.hc.client5.http.wire -- http-outgoing-1 << "Docker-Experimental: false[\r][\n]"
23:00:59.036 [main] DEBUG com.github.dockerjava.zerodep.shaded.org.apache.hc.client5.http.wire -- http-outgoing-1 << "Ostype: linux[\r][\n]"
23:00:59.036 [main] DEBUG com.github.dockerjava.zerodep.shaded.org.apache.hc.client5.http.wire -- http-outgoing-1 << "Server: Docker/28.1.1 (linux)[\r][\n]"
23:00:59.036 [main] DEBUG com.github.dockerjava.zerodep.shaded.org.apache.hc.client5.http.wire -- http-outgoing-1 << "Transfer-Encoding: chunked[\r][\n]"
23:00:59.036 [main] DEBUG com.github.dockerjava.zerodep.shaded.org.apache.hc.client5.http.wire -- http-outgoing-1 << "[\r][\n]"
23:00:59.036 [main] DEBUG com.github.dockerjava.zerodep.shaded.org.apache.hc.client5.http.headers -- http-outgoing-1 << HTTP/1.1 200 OK
23:00:59.036 [main] DEBUG com.github.dockerjava.zerodep.shaded.org.apache.hc.client5.http.headers -- http-outgoing-1 << Api-Version: 1.49
23:00:59.036 [main] DEBUG com.github.dockerjava.zerodep.shaded.org.apache.hc.client5.http.headers -- http-outgoing-1 << Content-Type: application/json
23:00:59.036 [main] DEBUG com.github.dockerjava.zerodep.shaded.org.apache.hc.client5.http.headers -- http-outgoing-1 << Date: Sat, 28 Jun 2025 22:00:59 GMT
23:00:59.036 [main] DEBUG com.github.dockerjava.zerodep.shaded.org.apache.hc.client5.http.headers -- http-outgoing-1 << Docker-Experimental: false
23:00:59.036 [main] DEBUG com.github.dockerjava.zerodep.shaded.org.apache.hc.client5.http.headers -- http-outgoing-1 << Ostype: linux
23:00:59.036 [main] DEBUG com.github.dockerjava.zerodep.shaded.org.apache.hc.client5.http.headers -- http-outgoing-1 << Server: Docker/28.1.1 (linux)
23:00:59.036 [main] DEBUG com.github.dockerjava.zerodep.shaded.org.apache.hc.client5.http.headers -- http-outgoing-1 << Transfer-Encoding: chunked
23:00:59.036 [main] DEBUG com.github.dockerjava.zerodep.shaded.org.apache.hc.client5.http.impl.classic.MainClientExec -- ex-0000001F: connection can be kept alive for 3 MINUTES
23:00:59.037 [main] DEBUG com.github.dockerjava.zerodep.shaded.org.apache.hc.client5.http.wire -- http-outgoing-1 << "15af[\r][\n]"
23:00:59.037 [main] DEBUG com.github.dockerjava.zerodep.shaded.org.apache.hc.client5.http.wire -- http-outgoing-1 << "{"Id":"36b3cacd3d6a50a033de8d670444865288c30feb6246f5753f0cc649876ff1d2","Created":"2025-06-28T22:00:58.878180626Z","Path":"tini","Args":["-g","--","/startup/docker-entrypoint.sh","neo4j"],"State":{"Status":"running","Running":true,"Paused":false,"Restarting":false,"OOMKilled":false,"Dead":false,"Pid":819,"ExitCode":0,"Error":"","StartedAt":"2025-06-28T22:00:58.908838626Z","FinishedAt":"0001-01-01T00:00:00Z"},"Image":"sha256:16e72e7e36299f0e1ccb14d60a28203a76b868b71c0814735a7481675acc1936","ResolvConfPath":"/var/lib/docker/containers/36b3cacd3d6a50a033de8d670444865288c30feb6246f5753f0cc649876ff1d2/resolv.conf","HostnamePath":"/var/lib/docker/containers/36b3cacd3d6a50a033de8d670444865288c30feb6246f5753f0cc649876ff1d2/hostname","HostsPath":"/var/lib/docker/containers/36b3cacd3d6a50a033de8d670444865288c30feb6246f5753f0cc649876ff1d2/hosts","LogPath":"/var/lib/docker/containers/36b3cacd3d6a50a033de8d670444865288c30feb6246f5753f0cc649876ff1d2/36b3cacd3d6a50a033de8d670444865288c30feb6246f5753f0cc649876ff1d2-json.log","Name":"/modest_franklin","RestartCount":0,"Driver":"overlayfs","Platform":"linux","MountLabel":"","ProcessLabel":"","AppArmorProfile":"","ExecIDs":null,"HostConfig":{"Binds":[],"ContainerIDFile":"","LogConfig":{"Type":"json-file","Config":{}},"NetworkMode":"bridge","PortBindings":{"7473/tcp":[{"HostIp":"0.0.0.0","HostPort":"0"}],"7474/tcp":[{"HostIp":"0.0.0.0","HostPort":"0"}],"7687/tcp":[{"HostIp":"0.0.0.0","HostPort":"0"}]},"RestartPolicy":{"Name":"no","MaximumRetryCount":0},"AutoRemove":false,"VolumeDriver":"","VolumesFrom":[],"ConsoleSize":[0,0],"CapAdd":null,"CapDrop":null,"CgroupnsMode":"private","Dns":null,"DnsOptions":null,"DnsSearch":null,"ExtraHosts":[],"GroupAdd":null,"IpcMode":"shareable","Cgroup":"","Links":null,"OomScoreAdj":0,"PidMode":"","Privileged":false,"PublishAllPorts":false,"ReadonlyRootfs":false,"SecurityOpt":null,"UTSMode":"","UsernsMode":"","ShmSize":67108864,"Runtime":"runc","Isolation":"","CpuShares":0,"Memory":0,"NanoCpus":0,"CgroupParent":"","BlkioWeight":0,"BlkioWeightDevice":null,"BlkioDeviceReadBps":null,"BlkioDeviceWriteBps":null,"BlkioDeviceReadIOps":null,"BlkioDeviceWriteIOps":null,"CpuPeriod":0,"CpuQuota":0,"CpuRealtimePeriod":0,"CpuRealtimeRuntime":0,"CpusetCpus":"","CpusetMems":"","Devices":null,"DeviceCgroupRules":null,"DeviceRequests":null,"MemoryReservation":0,"MemorySwap":0,"MemorySwappiness":null,"OomKillDisable":null,"PidsLimit":null,"Ulimits":null,"CpuCount":0,"CpuPercent":0,"IOMaximumIOps":0,"IOMaximumBandwidth":0,"MaskedPaths":["/proc/asound","/proc/acpi","/proc/interrupts","/proc/kcore","/proc/keys","/proc/latency_stats","/proc/timer_list","/proc/timer_stats","/proc/sched_debug","/proc/scsi","/sys/firmware","/sys/devices/virtual/powercap"],"ReadonlyPaths":["/proc/bus","/proc/fs","/proc/irq","/proc/sys","/proc/sysrq-trigger"]},"GraphDriver":{"Data":null,"Name":"overlayfs"},"Mounts":[{"Type":"volume","Name":"f03749f0ec498cd57a62e67eb7a158431e697e0d2f26edd8a4ad2be995020b1d","Source":"/var/lib/docker/volumes/f03749f0ec498cd57a62e67eb7a158431e697e0d2f26edd8a4ad2be995020b1d/_data","Destination":"/data","Driver":"local","Mode":"","RW":true,"Propagation":""},{"Type":"volume","Name":"23c9d3ce34b4a6f67c6221d9a6f2442736dd78421e2ad7aab1f21b40669c4fd9","Source":"/var/lib/docker/volumes/23c9d3ce34b4a6f67c6221d9a6f2442736dd78421e2ad7aab1f21b40669c4fd9/_data","Destination":"/logs","Driver":"local","Mode":"","RW":true,"Propagation":""}],"Config":{"Hostname":"36b3cacd3d6a","Domainname":"","User":"","AttachStdin":false,"AttachStdout":false,"AttachStderr":false,"ExposedPorts":{"7473/tcp":{},"7474/tcp":{},"7687/tcp":{}},"Tty":false,"OpenStdin":false,"StdinOnce":false,"Env":["NEO4J_AUTH=neo4j/testpassword","PATH=/var/lib/neo4j/bin:/opt/java/openjdk/bin:/usr/local/sbin:/usr/local/bin:/usr/sbin:/usr/bin:/sbin:/bin","JAVA_HOME=/opt/java/openjdk","NEO4J_SHA256=7a4652c869dd875bd843ab1204bdcb2c5816abd1b57e27f9d0c6b32e55704814","NEO4J_TARBALL=neo4j-community-4.4.44-unix.tar.gz","NEO4J_EDITION=community","NEO4J_HOME=/var/lib/neo4j","LANG=C.UTF-8"],"Cmd":["neo4j"],"Image":"neo4j:4.4","Volumes":{"/data":{},"/logs":{}},"WorkingDir":"/var/lib/neo4j","Entrypoint":["tini","-g","--","/startup/docker-entrypoint.sh"],"OnBuild":null,"Labels":{"org.testcontainers":"true","org.testcontainers.lang":"java","org.testcontainers.sessionId":"6a6fa4c1-7541-4d91-8332-f034f978b701","org.testcontainers.version":"1.20.6"}},"NetworkSettings":{"Bridge":"","SandboxID":"f9d2955e3d5aee65960f68bec24d69f7ba0fc4d98acd2f0b6351bc24e201aaf4","SandboxKey":"/var/run/docker/netns/f9d2955e3d5a","Ports":{"7473/tcp":[{"HostIp":"0.0.0.0","HostPort":"62306"}],"7474/tcp":[{"HostIp":"0.0.0.0","HostPort":"62307"}],"7687/tcp":[{"HostIp":"0.0.0.0","HostPort":"62305"}]},"HairpinMode":false,"LinkLocalIPv6Address":"","LinkLocalIPv6PrefixLen":0,"SecondaryIPAddresses":null,"SecondaryIPv6Addresses":null,"EndpointID":"a1f7dac585ec1d8b1be97ebaefde56b4f11f6df6316420fdd2832a13671bb482","Gateway":"172.17.0.1","GlobalIPv6Address":"","GlobalIPv6PrefixLen":0,"IPAddress":"172.17.0.3","IPPrefixLen":16,"IPv6Gateway":"","MacAddress":"6a:0c:dd:6b:1d:a7","Networks":{"bridge":{"IPAMConfig":null,"Links":null,"Aliases":null,"MacAddress":"6a:0c:dd:6b:1d:a7","DriverOpts":null,"GwPriority":0,"NetworkID":"c6b59ee7fe0a5e9ae7897981cf5bd8e3be9c2ab6dcacf722a480c91b257a3b5d","EndpointID":"a1f7dac585ec1d8b1be97ebaefde56b4f11f6df6316420fdd2832a13671bb482","Gateway":"172.17.0.1","IPAddress":"172.17.0.3","IPPrefixLen":16,"IPv6Gateway":"","GlobalIPv6Address":"","GlobalIPv6PrefixLen":0,"DNSNames":null}}}}[\n]"
23:00:59.041 [main] DEBUG com.github.dockerjava.zerodep.shaded.org.apache.hc.client5.http.wire -- http-outgoing-1 << "[\r][\n]"
23:00:59.041 [main] DEBUG com.github.dockerjava.zerodep.shaded.org.apache.hc.client5.http.wire -- http-outgoing-1 << "0[\r][\n]"
23:00:59.041 [main] DEBUG com.github.dockerjava.zerodep.shaded.org.apache.hc.client5.http.wire -- http-outgoing-1 << "[\r][\n]"
23:00:59.041 [main] DEBUG com.github.dockerjava.zerodep.shaded.org.apache.hc.client5.http.impl.classic.InternalHttpClient -- ep-0000001E: releasing valid endpoint
23:00:59.041 [main] DEBUG com.github.dockerjava.zerodep.shaded.org.apache.hc.client5.http.impl.io.PoolingHttpClientConnectionManager -- ep-0000001E: releasing endpoint
23:00:59.041 [main] DEBUG com.github.dockerjava.zerodep.shaded.org.apache.hc.client5.http.impl.io.PoolingHttpClientConnectionManager -- ep-0000001E: connection http-outgoing-1 can be kept alive for 3 MINUTES
23:00:59.041 [main] DEBUG com.github.dockerjava.zerodep.shaded.org.apache.hc.client5.http.impl.io.PoolingHttpClientConnectionManager -- ep-0000001E: connection released [route: {}->unix://localhost:2375][total available: 1; route allocated: 1 of 2147483647; total allocated: 1 of 2147483647]
23:00:59.042 [main] DEBUG org.testcontainers.shaded.com.github.dockerjava.core.command.AbstrDockerCmd -- Cmd: sha256:16e72e7e36299f0e1ccb14d60a28203a76b868b71c0814735a7481675acc1936
23:00:59.042 [main] DEBUG com.github.dockerjava.zerodep.shaded.org.apache.hc.client5.http.impl.classic.InternalHttpClient -- ex-00000020: preparing request execution
23:00:59.042 [main] DEBUG com.github.dockerjava.zerodep.shaded.org.apache.hc.client5.http.protocol.RequestAddCookies -- Cookie spec selected: strict
23:00:59.042 [main] DEBUG com.github.dockerjava.zerodep.shaded.org.apache.hc.client5.http.protocol.RequestAuthCache -- Auth cache not set in the context
23:00:59.042 [main] DEBUG com.github.dockerjava.zerodep.shaded.org.apache.hc.client5.http.impl.classic.ProtocolExec -- ex-00000020: target auth state: UNCHALLENGED
23:00:59.042 [main] DEBUG com.github.dockerjava.zerodep.shaded.org.apache.hc.client5.http.impl.classic.ProtocolExec -- ex-00000020: proxy auth state: UNCHALLENGED
23:00:59.042 [main] DEBUG com.github.dockerjava.zerodep.shaded.org.apache.hc.client5.http.impl.classic.ConnectExec -- ex-00000020: acquiring connection with route {}->unix://localhost:2375
23:00:59.042 [main] DEBUG com.github.dockerjava.zerodep.shaded.org.apache.hc.client5.http.impl.classic.InternalHttpClient -- ex-00000020: acquiring endpoint (3 MINUTES)
23:00:59.042 [main] DEBUG com.github.dockerjava.zerodep.shaded.org.apache.hc.client5.http.impl.io.PoolingHttpClientConnectionManager -- ex-00000020: endpoint lease request (3 MINUTES) [route: {}->unix://localhost:2375][total available: 1; route allocated: 1 of 2147483647; total allocated: 1 of 2147483647]
23:00:59.042 [main] DEBUG com.github.dockerjava.zerodep.shaded.org.apache.hc.client5.http.impl.io.PoolingHttpClientConnectionManager -- ex-00000020: endpoint leased [route: {}->unix://localhost:2375][total available: 0; route allocated: 1 of 2147483647; total allocated: 1 of 2147483647]
23:00:59.042 [main] DEBUG com.github.dockerjava.zerodep.shaded.org.apache.hc.client5.http.impl.io.PoolingHttpClientConnectionManager -- ex-00000020: acquired ep-0000001F
23:00:59.042 [main] DEBUG com.github.dockerjava.zerodep.shaded.org.apache.hc.client5.http.impl.classic.InternalHttpClient -- ex-00000020: acquired endpoint ep-0000001F
23:00:59.042 [main] DEBUG com.github.dockerjava.zerodep.shaded.org.apache.hc.client5.http.impl.classic.MainClientExec -- ex-00000020: executing GET /v1.32/images/sha256:16e72e7e36299f0e1ccb14d60a28203a76b868b71c0814735a7481675acc1936/json HTTP/1.1
23:00:59.042 [main] DEBUG com.github.dockerjava.zerodep.shaded.org.apache.hc.client5.http.impl.classic.InternalHttpClient -- ep-0000001F: start execution ex-00000020
23:00:59.042 [main] DEBUG com.github.dockerjava.zerodep.shaded.org.apache.hc.client5.http.impl.io.PoolingHttpClientConnectionManager -- ep-0000001F: executing exchange ex-00000020 over http-outgoing-1
23:00:59.042 [main] DEBUG com.github.dockerjava.zerodep.shaded.org.apache.hc.client5.http.headers -- http-outgoing-1 >> GET /v1.32/images/sha256:16e72e7e36299f0e1ccb14d60a28203a76b868b71c0814735a7481675acc1936/json HTTP/1.1
23:00:59.042 [main] DEBUG com.github.dockerjava.zerodep.shaded.org.apache.hc.client5.http.headers -- http-outgoing-1 >> accept: application/json
23:00:59.042 [main] DEBUG com.github.dockerjava.zerodep.shaded.org.apache.hc.client5.http.headers -- http-outgoing-1 >> x-tc-sid: 6a6fa4c1-7541-4d91-8332-f034f978b701
23:00:59.042 [main] DEBUG com.github.dockerjava.zerodep.shaded.org.apache.hc.client5.http.headers -- http-outgoing-1 >> User-Agent: tc-java/1.20.6
23:00:59.042 [main] DEBUG com.github.dockerjava.zerodep.shaded.org.apache.hc.client5.http.headers -- http-outgoing-1 >> Accept-Encoding: gzip, x-gzip, deflate
23:00:59.042 [main] DEBUG com.github.dockerjava.zerodep.shaded.org.apache.hc.client5.http.headers -- http-outgoing-1 >> Host: localhost:2375
23:00:59.042 [main] DEBUG com.github.dockerjava.zerodep.shaded.org.apache.hc.client5.http.headers -- http-outgoing-1 >> Connection: keep-alive
23:00:59.042 [main] DEBUG com.github.dockerjava.zerodep.shaded.org.apache.hc.client5.http.wire -- http-outgoing-1 >> "GET /v1.32/images/sha256:16e72e7e36299f0e1ccb14d60a28203a76b868b71c0814735a7481675acc1936/json HTTP/1.1[\r][\n]"
23:00:59.042 [main] DEBUG com.github.dockerjava.zerodep.shaded.org.apache.hc.client5.http.wire -- http-outgoing-1 >> "accept: application/json[\r][\n]"
23:00:59.042 [main] DEBUG com.github.dockerjava.zerodep.shaded.org.apache.hc.client5.http.wire -- http-outgoing-1 >> "x-tc-sid: 6a6fa4c1-7541-4d91-8332-f034f978b701[\r][\n]"
23:00:59.042 [main] DEBUG com.github.dockerjava.zerodep.shaded.org.apache.hc.client5.http.wire -- http-outgoing-1 >> "User-Agent: tc-java/1.20.6[\r][\n]"
23:00:59.042 [main] DEBUG com.github.dockerjava.zerodep.shaded.org.apache.hc.client5.http.wire -- http-outgoing-1 >> "Accept-Encoding: gzip, x-gzip, deflate[\r][\n]"
23:00:59.042 [main] DEBUG com.github.dockerjava.zerodep.shaded.org.apache.hc.client5.http.wire -- http-outgoing-1 >> "Host: localhost:2375[\r][\n]"
23:00:59.042 [main] DEBUG com.github.dockerjava.zerodep.shaded.org.apache.hc.client5.http.wire -- http-outgoing-1 >> "Connection: keep-alive[\r][\n]"
23:00:59.042 [main] DEBUG com.github.dockerjava.zerodep.shaded.org.apache.hc.client5.http.wire -- http-outgoing-1 >> "[\r][\n]"
23:00:59.052 [main] DEBUG com.github.dockerjava.zerodep.shaded.org.apache.hc.client5.http.wire -- http-outgoing-1 << "HTTP/1.1 200 OK[\r][\n]"
23:00:59.052 [main] DEBUG com.github.dockerjava.zerodep.shaded.org.apache.hc.client5.http.wire -- http-outgoing-1 << "Api-Version: 1.49[\r][\n]"
23:00:59.052 [main] DEBUG com.github.dockerjava.zerodep.shaded.org.apache.hc.client5.http.wire -- http-outgoing-1 << "Content-Type: application/json[\r][\n]"
23:00:59.052 [main] DEBUG com.github.dockerjava.zerodep.shaded.org.apache.hc.client5.http.wire -- http-outgoing-1 << "Date: Sat, 28 Jun 2025 22:00:59 GMT[\r][\n]"
23:00:59.052 [main] DEBUG com.github.dockerjava.zerodep.shaded.org.apache.hc.client5.http.wire -- http-outgoing-1 << "Docker-Experimental: false[\r][\n]"
23:00:59.052 [main] DEBUG com.github.dockerjava.zerodep.shaded.org.apache.hc.client5.http.wire -- http-outgoing-1 << "Ostype: linux[\r][\n]"
23:00:59.052 [main] DEBUG com.github.dockerjava.zerodep.shaded.org.apache.hc.client5.http.wire -- http-outgoing-1 << "Server: Docker/28.1.1 (linux)[\r][\n]"
23:00:59.052 [main] DEBUG com.github.dockerjava.zerodep.shaded.org.apache.hc.client5.http.wire -- http-outgoing-1 << "Transfer-Encoding: chunked[\r][\n]"
23:00:59.052 [main] DEBUG com.github.dockerjava.zerodep.shaded.org.apache.hc.client5.http.wire -- http-outgoing-1 << "[\r][\n]"
23:00:59.052 [main] DEBUG com.github.dockerjava.zerodep.shaded.org.apache.hc.client5.http.headers -- http-outgoing-1 << HTTP/1.1 200 OK
23:00:59.052 [main] DEBUG com.github.dockerjava.zerodep.shaded.org.apache.hc.client5.http.headers -- http-outgoing-1 << Api-Version: 1.49
23:00:59.052 [main] DEBUG com.github.dockerjava.zerodep.shaded.org.apache.hc.client5.http.headers -- http-outgoing-1 << Content-Type: application/json
23:00:59.052 [main] DEBUG com.github.dockerjava.zerodep.shaded.org.apache.hc.client5.http.headers -- http-outgoing-1 << Date: Sat, 28 Jun 2025 22:00:59 GMT
23:00:59.052 [main] DEBUG com.github.dockerjava.zerodep.shaded.org.apache.hc.client5.http.headers -- http-outgoing-1 << Docker-Experimental: false
23:00:59.052 [main] DEBUG com.github.dockerjava.zerodep.shaded.org.apache.hc.client5.http.headers -- http-outgoing-1 << Ostype: linux
23:00:59.052 [main] DEBUG com.github.dockerjava.zerodep.shaded.org.apache.hc.client5.http.headers -- http-outgoing-1 << Server: Docker/28.1.1 (linux)
23:00:59.052 [main] DEBUG com.github.dockerjava.zerodep.shaded.org.apache.hc.client5.http.headers -- http-outgoing-1 << Transfer-Encoding: chunked
23:00:59.052 [main] DEBUG com.github.dockerjava.zerodep.shaded.org.apache.hc.client5.http.impl.classic.MainClientExec -- ex-00000020: connection can be kept alive for 3 MINUTES
23:00:59.053 [main] DEBUG com.github.dockerjava.zerodep.shaded.org.apache.hc.client5.http.wire -- http-outgoing-1 << "6d1[\r][\n]"
23:00:59.053 [main] DEBUG com.github.dockerjava.zerodep.shaded.org.apache.hc.client5.http.wire -- http-outgoing-1 << "{"Id":"sha256:16e72e7e36299f0e1ccb14d60a28203a76b868b71c0814735a7481675acc1936","RepoTags":["neo4j:4.4"],"RepoDigests":["neo4j@sha256:16e72e7e36299f0e1ccb14d60a28203a76b868b71c0814735a7481675acc1936"],"Parent":"","Comment":"buildkit.dockerfile.v0","Created":"2025-05-22T13:57:28Z","DockerVersion":"","Author":"","Config":{"Hostname":"","Domainname":"","User":"","AttachStdin":false,"AttachStdout":false,"AttachStderr":false,"ExposedPorts":{"7473/tcp":{},"7474/tcp":{},"7687/tcp":{}},"Tty":false,"OpenStdin":false,"StdinOnce":false,"Env":["PATH=/var/lib/neo4j/bin:/opt/java/openjdk/bin:/usr/local/sbin:/usr/local/bin:/usr/sbin:/usr/bin:/sbin:/bin","JAVA_HOME=/opt/java/openjdk","NEO4J_SHA256=7a4652c869dd875bd843ab1204bdcb2c5816abd1b57e27f9d0c6b32e55704814","NEO4J_TARBALL=neo4j-community-4.4.44-unix.tar.gz","NEO4J_EDITION=community","NEO4J_HOME=/var/lib/neo4j","LANG=C.UTF-8"],"Cmd":["neo4j"],"Image":"","Volumes":{"/data":{},"/logs":{}},"WorkingDir":"/var/lib/neo4j","Entrypoint":["tini","-g","--","/startup/docker-entrypoint.sh"],"OnBuild":null,"Labels":null},"Architecture":"arm64","Variant":"v8","Os":"linux","Size":320035869,"VirtualSize":320035869,"GraphDriver":{"Data":null,"Name":"overlayfs"},"RootFS":{"Type":"layers","Layers":["sha256:dab6d09609f50cdf575bf21aa1c580d43098099beeb89de47db2962a6b1ae43a","sha256:1f419b13e4d4b72368179e7ee8d25d7c0dee361d79778ea202cc84603750b6b1","sha256:077073b834feab0574fe44e939fae126143984ade4fe524b2a6842c24dc81c34","sha256:709bb83db1f91ddea0ff87c790fd66b63753f7f6564b05bf06ee9a80c45bb67c","sha256:01760cb161520c39c99fa12c975bbc87c69cd8fedd5b4ac9f26da58c43960757","sha256:5f70bf18a086007016e948b04aed3b82103a36bea41755b6cddfaf10ace3c6ef"]},"Metadata":{"LastTagTime":"2025-06-24T21:42:32.424850427Z"}}[\n]"
23:00:59.053 [main] DEBUG com.github.dockerjava.zerodep.shaded.org.apache.hc.client5.http.wire -- http-outgoing-1 << "[\r][\n]"
23:00:59.053 [main] DEBUG com.github.dockerjava.zerodep.shaded.org.apache.hc.client5.http.wire -- http-outgoing-1 << "0[\r][\n]"
23:00:59.053 [main] DEBUG com.github.dockerjava.zerodep.shaded.org.apache.hc.client5.http.wire -- http-outgoing-1 << "[\r][\n]"
23:00:59.053 [main] DEBUG com.github.dockerjava.zerodep.shaded.org.apache.hc.client5.http.impl.classic.InternalHttpClient -- ep-0000001F: releasing valid endpoint
23:00:59.053 [main] DEBUG com.github.dockerjava.zerodep.shaded.org.apache.hc.client5.http.impl.io.PoolingHttpClientConnectionManager -- ep-0000001F: releasing endpoint
23:00:59.053 [main] DEBUG com.github.dockerjava.zerodep.shaded.org.apache.hc.client5.http.impl.io.PoolingHttpClientConnectionManager -- ep-0000001F: connection http-outgoing-1 can be kept alive for 3 MINUTES
23:00:59.053 [main] DEBUG com.github.dockerjava.zerodep.shaded.org.apache.hc.client5.http.impl.io.PoolingHttpClientConnectionManager -- ep-0000001F: connection released [route: {}->unix://localhost:2375][total available: 1; route allocated: 1 of 2147483647; total allocated: 1 of 2147483647]
23:00:59.053 [main] DEBUG org.testcontainers.shaded.com.github.dockerjava.core.command.AbstrDockerCmd -- Cmd: 
23:00:59.053 [main] DEBUG com.github.dockerjava.zerodep.shaded.org.apache.hc.client5.http.impl.classic.InternalHttpClient -- ex-00000021: preparing request execution
23:00:59.053 [main] DEBUG com.github.dockerjava.zerodep.shaded.org.apache.hc.client5.http.protocol.RequestAddCookies -- Cookie spec selected: strict
23:00:59.053 [main] DEBUG com.github.dockerjava.zerodep.shaded.org.apache.hc.client5.http.protocol.RequestAuthCache -- Auth cache not set in the context
23:00:59.053 [main] DEBUG com.github.dockerjava.zerodep.shaded.org.apache.hc.client5.http.impl.classic.ProtocolExec -- ex-00000021: target auth state: UNCHALLENGED
23:00:59.053 [main] DEBUG com.github.dockerjava.zerodep.shaded.org.apache.hc.client5.http.impl.classic.ProtocolExec -- ex-00000021: proxy auth state: UNCHALLENGED
23:00:59.053 [main] DEBUG com.github.dockerjava.zerodep.shaded.org.apache.hc.client5.http.impl.classic.ConnectExec -- ex-00000021: acquiring connection with route {}->unix://localhost:2375
23:00:59.053 [main] DEBUG com.github.dockerjava.zerodep.shaded.org.apache.hc.client5.http.impl.classic.InternalHttpClient -- ex-00000021: acquiring endpoint (3 MINUTES)
23:00:59.053 [main] DEBUG com.github.dockerjava.zerodep.shaded.org.apache.hc.client5.http.impl.io.PoolingHttpClientConnectionManager -- ex-00000021: endpoint lease request (3 MINUTES) [route: {}->unix://localhost:2375][total available: 1; route allocated: 1 of 2147483647; total allocated: 1 of 2147483647]
23:00:59.053 [main] DEBUG com.github.dockerjava.zerodep.shaded.org.apache.hc.client5.http.impl.io.PoolingHttpClientConnectionManager -- ex-00000021: endpoint leased [route: {}->unix://localhost:2375][total available: 0; route allocated: 1 of 2147483647; total allocated: 1 of 2147483647]
23:00:59.053 [main] DEBUG com.github.dockerjava.zerodep.shaded.org.apache.hc.client5.http.impl.io.PoolingHttpClientConnectionManager -- ex-00000021: acquired ep-00000020
23:00:59.053 [main] DEBUG com.github.dockerjava.zerodep.shaded.org.apache.hc.client5.http.impl.classic.InternalHttpClient -- ex-00000021: acquired endpoint ep-00000020
23:00:59.053 [main] DEBUG com.github.dockerjava.zerodep.shaded.org.apache.hc.client5.http.impl.classic.MainClientExec -- ex-00000021: executing GET /v1.32/version HTTP/1.1
23:00:59.053 [main] DEBUG com.github.dockerjava.zerodep.shaded.org.apache.hc.client5.http.impl.classic.InternalHttpClient -- ep-00000020: start execution ex-00000021
23:00:59.053 [main] DEBUG com.github.dockerjava.zerodep.shaded.org.apache.hc.client5.http.impl.io.PoolingHttpClientConnectionManager -- ep-00000020: executing exchange ex-00000021 over http-outgoing-1
23:00:59.053 [main] DEBUG com.github.dockerjava.zerodep.shaded.org.apache.hc.client5.http.headers -- http-outgoing-1 >> GET /v1.32/version HTTP/1.1
23:00:59.053 [main] DEBUG com.github.dockerjava.zerodep.shaded.org.apache.hc.client5.http.headers -- http-outgoing-1 >> accept: application/json
23:00:59.053 [main] DEBUG com.github.dockerjava.zerodep.shaded.org.apache.hc.client5.http.headers -- http-outgoing-1 >> x-tc-sid: 6a6fa4c1-7541-4d91-8332-f034f978b701
23:00:59.053 [main] DEBUG com.github.dockerjava.zerodep.shaded.org.apache.hc.client5.http.headers -- http-outgoing-1 >> User-Agent: tc-java/1.20.6
23:00:59.053 [main] DEBUG com.github.dockerjava.zerodep.shaded.org.apache.hc.client5.http.headers -- http-outgoing-1 >> Accept-Encoding: gzip, x-gzip, deflate
23:00:59.053 [main] DEBUG com.github.dockerjava.zerodep.shaded.org.apache.hc.client5.http.headers -- http-outgoing-1 >> Host: localhost:2375
23:00:59.053 [main] DEBUG com.github.dockerjava.zerodep.shaded.org.apache.hc.client5.http.headers -- http-outgoing-1 >> Connection: keep-alive
23:00:59.053 [main] DEBUG com.github.dockerjava.zerodep.shaded.org.apache.hc.client5.http.wire -- http-outgoing-1 >> "GET /v1.32/version HTTP/1.1[\r][\n]"
23:00:59.053 [main] DEBUG com.github.dockerjava.zerodep.shaded.org.apache.hc.client5.http.wire -- http-outgoing-1 >> "accept: application/json[\r][\n]"
23:00:59.053 [main] DEBUG com.github.dockerjava.zerodep.shaded.org.apache.hc.client5.http.wire -- http-outgoing-1 >> "x-tc-sid: 6a6fa4c1-7541-4d91-8332-f034f978b701[\r][\n]"
23:00:59.053 [main] DEBUG com.github.dockerjava.zerodep.shaded.org.apache.hc.client5.http.wire -- http-outgoing-1 >> "User-Agent: tc-java/1.20.6[\r][\n]"
23:00:59.053 [main] DEBUG com.github.dockerjava.zerodep.shaded.org.apache.hc.client5.http.wire -- http-outgoing-1 >> "Accept-Encoding: gzip, x-gzip, deflate[\r][\n]"
23:00:59.053 [main] DEBUG com.github.dockerjava.zerodep.shaded.org.apache.hc.client5.http.wire -- http-outgoing-1 >> "Host: localhost:2375[\r][\n]"
23:00:59.053 [main] DEBUG com.github.dockerjava.zerodep.shaded.org.apache.hc.client5.http.wire -- http-outgoing-1 >> "Connection: keep-alive[\r][\n]"
23:00:59.053 [main] DEBUG com.github.dockerjava.zerodep.shaded.org.apache.hc.client5.http.wire -- http-outgoing-1 >> "[\r][\n]"
23:00:59.056 [main] DEBUG com.github.dockerjava.zerodep.shaded.org.apache.hc.client5.http.wire -- http-outgoing-1 << "HTTP/1.1 200 OK[\r][\n]"
23:00:59.056 [main] DEBUG com.github.dockerjava.zerodep.shaded.org.apache.hc.client5.http.wire -- http-outgoing-1 << "Api-Version: 1.49[\r][\n]"
23:00:59.056 [main] DEBUG com.github.dockerjava.zerodep.shaded.org.apache.hc.client5.http.wire -- http-outgoing-1 << "Content-Type: application/json[\r][\n]"
23:00:59.056 [main] DEBUG com.github.dockerjava.zerodep.shaded.org.apache.hc.client5.http.wire -- http-outgoing-1 << "Date: Sat, 28 Jun 2025 22:00:59 GMT[\r][\n]"
23:00:59.056 [main] DEBUG com.github.dockerjava.zerodep.shaded.org.apache.hc.client5.http.wire -- http-outgoing-1 << "Docker-Experimental: false[\r][\n]"
23:00:59.056 [main] DEBUG com.github.dockerjava.zerodep.shaded.org.apache.hc.client5.http.wire -- http-outgoing-1 << "Ostype: linux[\r][\n]"
23:00:59.056 [main] DEBUG com.github.dockerjava.zerodep.shaded.org.apache.hc.client5.http.wire -- http-outgoing-1 << "Server: Docker/28.1.1 (linux)[\r][\n]"
23:00:59.056 [main] DEBUG com.github.dockerjava.zerodep.shaded.org.apache.hc.client5.http.wire -- http-outgoing-1 << "Transfer-Encoding: chunked[\r][\n]"
23:00:59.056 [main] DEBUG com.github.dockerjava.zerodep.shaded.org.apache.hc.client5.http.wire -- http-outgoing-1 << "[\r][\n]"
23:00:59.056 [main] DEBUG com.github.dockerjava.zerodep.shaded.org.apache.hc.client5.http.headers -- http-outgoing-1 << HTTP/1.1 200 OK
23:00:59.056 [main] DEBUG com.github.dockerjava.zerodep.shaded.org.apache.hc.client5.http.headers -- http-outgoing-1 << Api-Version: 1.49
23:00:59.056 [main] DEBUG com.github.dockerjava.zerodep.shaded.org.apache.hc.client5.http.headers -- http-outgoing-1 << Content-Type: application/json
23:00:59.056 [main] DEBUG com.github.dockerjava.zerodep.shaded.org.apache.hc.client5.http.headers -- http-outgoing-1 << Date: Sat, 28 Jun 2025 22:00:59 GMT
23:00:59.056 [main] DEBUG com.github.dockerjava.zerodep.shaded.org.apache.hc.client5.http.headers -- http-outgoing-1 << Docker-Experimental: false
23:00:59.056 [main] DEBUG com.github.dockerjava.zerodep.shaded.org.apache.hc.client5.http.headers -- http-outgoing-1 << Ostype: linux
23:00:59.056 [main] DEBUG com.github.dockerjava.zerodep.shaded.org.apache.hc.client5.http.headers -- http-outgoing-1 << Server: Docker/28.1.1 (linux)
23:00:59.056 [main] DEBUG com.github.dockerjava.zerodep.shaded.org.apache.hc.client5.http.headers -- http-outgoing-1 << Transfer-Encoding: chunked
23:00:59.056 [main] DEBUG com.github.dockerjava.zerodep.shaded.org.apache.hc.client5.http.impl.classic.MainClientExec -- ex-00000021: connection can be kept alive for 3 MINUTES
23:00:59.056 [main] DEBUG com.github.dockerjava.zerodep.shaded.org.apache.hc.client5.http.wire -- http-outgoing-1 << "339[\r][\n]"
23:00:59.056 [main] DEBUG com.github.dockerjava.zerodep.shaded.org.apache.hc.client5.http.wire -- http-outgoing-1 << "{"Platform":{"Name":"Docker Desktop 4.41.1 (191279)"},"Components":[{"Name":"Engine","Version":"28.1.1","Details":{"ApiVersion":"1.49","Arch":"arm64","BuildTime":"2025-04-18T09:52:08.000000000+00:00","Experimental":"false","GitCommit":"01f442b","GoVersion":"go1.23.8","KernelVersion":"6.10.14-linuxkit","MinAPIVersion":"1.24","Os":"linux"}},{"Name":"containerd","Version":"1.7.27","Details":{"GitCommit":"05044ec0a9a75232cad458027ca83437aae3f4da"}},{"Name":"runc","Version":"1.2.5","Details":{"GitCommit":"v1.2.5-0-g59923ef"}},{"Name":"docker-init","Version":"0.19.0","Details":{"GitCommit":"de40ad0"}}],"Version":"28.1.1","ApiVersion":"1.49","MinAPIVersion":"1.24","GitCommit":"01f442b","GoVersion":"go1.23.8","Os":"linux","Arch":"arm64","KernelVersion":"6.10.14-linuxkit","BuildTime":"2025-04-18T09:52:08.000000000+00:00"}[\n]"
23:00:59.056 [main] DEBUG com.github.dockerjava.zerodep.shaded.org.apache.hc.client5.http.wire -- http-outgoing-1 << "[\r][\n]"
23:00:59.057 [main] DEBUG com.github.dockerjava.zerodep.shaded.org.apache.hc.client5.http.wire -- http-outgoing-1 << "0[\r][\n]"
23:00:59.057 [main] DEBUG com.github.dockerjava.zerodep.shaded.org.apache.hc.client5.http.wire -- http-outgoing-1 << "[\r][\n]"
23:00:59.057 [main] DEBUG com.github.dockerjava.zerodep.shaded.org.apache.hc.client5.http.impl.classic.InternalHttpClient -- ep-00000020: releasing valid endpoint
23:00:59.057 [main] DEBUG com.github.dockerjava.zerodep.shaded.org.apache.hc.client5.http.impl.io.PoolingHttpClientConnectionManager -- ep-00000020: releasing endpoint
23:00:59.057 [main] DEBUG com.github.dockerjava.zerodep.shaded.org.apache.hc.client5.http.impl.io.PoolingHttpClientConnectionManager -- ep-00000020: connection http-outgoing-1 can be kept alive for 3 MINUTES
23:00:59.057 [main] DEBUG com.github.dockerjava.zerodep.shaded.org.apache.hc.client5.http.impl.io.PoolingHttpClientConnectionManager -- ep-00000020: connection released [route: {}->unix://localhost:2375][total available: 1; route allocated: 1 of 2147483647; total allocated: 1 of 2147483647]
23:00:59.057 [docker-java-stream-292743149] DEBUG com.github.dockerjava.zerodep.shaded.org.apache.hc.client5.http.impl.classic.InternalHttpClient -- ex-00000022: preparing request execution
23:00:59.057 [docker-java-stream-292743149] DEBUG com.github.dockerjava.zerodep.shaded.org.apache.hc.client5.http.protocol.RequestAddCookies -- Cookie spec selected: strict
23:00:59.057 [docker-java-stream-292743149] DEBUG com.github.dockerjava.zerodep.shaded.org.apache.hc.client5.http.protocol.RequestAuthCache -- Auth cache not set in the context
23:00:59.057 [docker-java-stream-292743149] DEBUG com.github.dockerjava.zerodep.shaded.org.apache.hc.client5.http.impl.classic.ProtocolExec -- ex-00000022: target auth state: UNCHALLENGED
23:00:59.057 [docker-java-stream-292743149] DEBUG com.github.dockerjava.zerodep.shaded.org.apache.hc.client5.http.impl.classic.ProtocolExec -- ex-00000022: proxy auth state: UNCHALLENGED
23:00:59.057 [docker-java-stream-292743149] DEBUG com.github.dockerjava.zerodep.shaded.org.apache.hc.client5.http.impl.classic.ConnectExec -- ex-00000022: acquiring connection with route {}->unix://localhost:2375
23:00:59.057 [docker-java-stream-292743149] DEBUG com.github.dockerjava.zerodep.shaded.org.apache.hc.client5.http.impl.classic.InternalHttpClient -- ex-00000022: acquiring endpoint (3 MINUTES)
23:00:59.057 [docker-java-stream-292743149] DEBUG com.github.dockerjava.zerodep.shaded.org.apache.hc.client5.http.impl.io.PoolingHttpClientConnectionManager -- ex-00000022: endpoint lease request (3 MINUTES) [route: {}->unix://localhost:2375][total available: 1; route allocated: 1 of 2147483647; total allocated: 1 of 2147483647]
23:00:59.058 [docker-java-stream-292743149] DEBUG com.github.dockerjava.zerodep.shaded.org.apache.hc.client5.http.impl.io.PoolingHttpClientConnectionManager -- ex-00000022: endpoint leased [route: {}->unix://localhost:2375][total available: 0; route allocated: 1 of 2147483647; total allocated: 1 of 2147483647]
23:00:59.058 [docker-java-stream-292743149] DEBUG com.github.dockerjava.zerodep.shaded.org.apache.hc.client5.http.impl.io.PoolingHttpClientConnectionManager -- ex-00000022: acquired ep-00000021
[...]
23:01:04.798 [main] DEBUG io.netty.util.internal.InternalThreadLocalMap -- -Dio.netty.threadLocalMap.stringBuilder.maxSize: 4096
23:01:04.813 [main] DEBUG io.netty.util.internal.PlatformDependent0 -- -Dio.netty.noUnsafe: false
23:01:04.813 [main] DEBUG io.netty.util.internal.PlatformDependent0 -- Java version: 23
23:01:04.814 [main] DEBUG io.netty.util.internal.PlatformDependent0 -- sun.misc.Unsafe.theUnsafe: available
23:01:04.814 [main] DEBUG io.netty.util.internal.PlatformDependent0 -- sun.misc.Unsafe.copyMemory: available
23:01:04.814 [main] DEBUG io.netty.util.internal.PlatformDependent0 -- sun.misc.Unsafe.storeFence: available
23:01:04.814 [main] DEBUG io.netty.util.internal.PlatformDependent0 -- java.nio.Buffer.address: available
23:01:04.815 [main] DEBUG io.netty.util.internal.PlatformDependent0 -- direct buffer constructor: unavailable: Reflective setAccessible(true) disabled
23:01:04.815 [main] DEBUG io.netty.util.internal.PlatformDependent0 -- java.nio.Bits.unaligned: available, true
23:01:04.815 [main] DEBUG io.netty.util.internal.PlatformDependent0 -- jdk.internal.misc.Unsafe.allocateUninitializedArray(int): unavailable: class io.netty.util.internal.PlatformDependent0$7 cannot access class jdk.internal.misc.Unsafe (in module java.base) because module java.base does not export jdk.internal.misc to unnamed module @13eb8acf
23:01:04.815 [main] DEBUG io.netty.util.internal.PlatformDependent0 -- java.nio.DirectByteBuffer.<init>(long, {int,long}): unavailable
23:01:04.815 [main] DEBUG io.netty.util.internal.PlatformDependent -- sun.misc.Unsafe: available
23:01:04.815 [main] DEBUG io.netty.util.internal.PlatformDependent -- -Dio.netty.tmpdir: /var/folders/vz/xk1grx0n7j3d545nd0j9nr240000gn/T (java.io.tmpdir)
23:01:04.816 [main] DEBUG io.netty.util.internal.PlatformDependent -- -Dio.netty.bitMode: 64 (sun.arch.data.model)
23:01:04.816 [main] DEBUG io.netty.util.internal.PlatformDependent -- Platform: MacOS
23:01:04.816 [main] DEBUG io.netty.util.internal.PlatformDependent -- -Dio.netty.maxDirectMemory: -1 bytes
23:01:04.816 [main] DEBUG io.netty.util.internal.PlatformDependent -- -Dio.netty.uninitializedArrayAllocationThreshold: -1
23:01:04.816 [main] DEBUG io.netty.util.internal.CleanerJava9 -- java.nio.ByteBuffer.cleaner(): available
23:01:04.816 [main] DEBUG io.netty.util.internal.PlatformDependent -- -Dio.netty.noPreferDirect: false
23:01:04.816 [main] DEBUG io.netty.channel.nio.NioEventLoop -- -Dio.netty.noKeySetOptimization: false
23:01:04.816 [main] DEBUG io.netty.channel.nio.NioEventLoop -- -Dio.netty.selectorAutoRebuildThreshold: 512
23:01:04.824 [main] DEBUG io.netty.util.internal.PlatformDependent -- org.jctools-core.MpscChunkedArrayQueue: available
23:01:05.946 [main] INFO io.proleap.cobol.asg.runner.impl.CobolParserRunnerImpl -- Parsing compilation unit Empty.
23:01:05.950 [main] INFO io.proleap.cobol.preprocessor.impl.CobolPreprocessorImpl -- Preprocessing file empty.cbl with line format FIXED and charset UTF-8.
23:01:06.433 [main] INFO io.proleap.cobol.asg.runner.impl.CobolParserRunnerImpl -- Analyzing program units of compilation unit Empty.
23:01:06.444 [main] INFO io.proleap.cobol.asg.runner.impl.CobolParserRunnerImpl -- Analyzing data divisions of compilation unit Empty in step 1.
23:01:06.444 [main] INFO io.proleap.cobol.asg.runner.impl.CobolParserRunnerImpl -- Analyzing data divisions of compilation unit Empty in step 2.
23:01:06.444 [main] INFO io.proleap.cobol.asg.runner.impl.CobolParserRunnerImpl -- Analyzing file control clauses of compilation unit Empty.
23:01:06.445 [main] INFO io.proleap.cobol.asg.runner.impl.CobolParserRunnerImpl -- Analyzing file description entries of compilation unit Empty.
23:01:06.445 [main] INFO io.proleap.cobol.asg.runner.impl.CobolParserRunnerImpl -- Analyzing procedure divisions of compilation unit Empty.
23:01:06.445 [main] INFO io.proleap.cobol.asg.runner.impl.CobolParserRunnerImpl -- Analyzing statements of compilation unit Empty.
23:01:06.630 [main] INFO com.cobolrag.graph.Neo4jDependencyGraphBuilder -- Added program EMPTY to graph with 0 entities
]]></system-out>
  </testcase>
  <testcase name="shouldAddProgramToGraph" classname="com.cobolrag.graph.Neo4jDependencyGraphBuilderTest" time="0.383">
    <system-out><![CDATA[23:01:06.765 [main] INFO io.proleap.cobol.asg.runner.impl.CobolParserRunnerImpl -- Parsing compilation unit Test.
23:01:06.765 [main] INFO io.proleap.cobol.preprocessor.impl.CobolPreprocessorImpl -- Preprocessing file test.cbl with line format FIXED and charset UTF-8.
23:01:06.828 [main] INFO io.proleap.cobol.asg.runner.impl.CobolParserRunnerImpl -- Analyzing program units of compilation unit Test.
23:01:06.829 [main] INFO io.proleap.cobol.asg.runner.impl.CobolParserRunnerImpl -- Analyzing data divisions of compilation unit Test in step 1.
23:01:06.833 [main] INFO io.proleap.cobol.asg.runner.impl.CobolParserRunnerImpl -- Analyzing data divisions of compilation unit Test in step 2.
23:01:06.833 [main] INFO io.proleap.cobol.asg.runner.impl.CobolParserRunnerImpl -- Analyzing file control clauses of compilation unit Test.
23:01:06.833 [main] INFO io.proleap.cobol.asg.runner.impl.CobolParserRunnerImpl -- Analyzing file description entries of compilation unit Test.
23:01:06.833 [main] INFO io.proleap.cobol.asg.runner.impl.CobolParserRunnerImpl -- Analyzing procedure divisions of compilation unit Test.
23:01:06.833 [main] INFO io.proleap.cobol.asg.runner.impl.CobolParserRunnerImpl -- Analyzing statements of compilation unit Test.
23:01:07.066 [main] INFO com.cobolrag.graph.Neo4jDependencyGraphBuilder -- Added program TESTPROG to graph with 3 entities
]]></system-out>
  </testcase>
  <testcase name="shouldInitializeDatabaseSuccessfully" classname="com.cobolrag.graph.Neo4jDependencyGraphBuilderTest" time="0.038"/>
  <testcase name="shouldBuildRelationships" classname="com.cobolrag.graph.Neo4jDependencyGraphBuilderTest" time="0.245">
    <system-out><![CDATA[23:01:07.179 [main] INFO io.proleap.cobol.asg.runner.impl.CobolParserRunnerImpl -- Parsing compilation unit Test.
23:01:07.180 [main] INFO io.proleap.cobol.preprocessor.impl.CobolPreprocessorImpl -- Preprocessing file test.cbl with line format FIXED and charset UTF-8.
23:01:07.189 [main] INFO io.proleap.cobol.asg.runner.impl.CobolParserRunnerImpl -- Analyzing program units of compilation unit Test.
23:01:07.190 [main] INFO io.proleap.cobol.asg.runner.impl.CobolParserRunnerImpl -- Analyzing data divisions of compilation unit Test in step 1.
23:01:07.190 [main] INFO io.proleap.cobol.asg.runner.impl.CobolParserRunnerImpl -- Analyzing data divisions of compilation unit Test in step 2.
23:01:07.190 [main] INFO io.proleap.cobol.asg.runner.impl.CobolParserRunnerImpl -- Analyzing file control clauses of compilation unit Test.
23:01:07.190 [main] INFO io.proleap.cobol.asg.runner.impl.CobolParserRunnerImpl -- Analyzing file description entries of compilation unit Test.
23:01:07.190 [main] INFO io.proleap.cobol.asg.runner.impl.CobolParserRunnerImpl -- Analyzing procedure divisions of compilation unit Test.
23:01:07.190 [main] INFO io.proleap.cobol.asg.runner.impl.CobolParserRunnerImpl -- Analyzing statements of compilation unit Test.
23:01:07.190 [main] INFO io.proleap.cobol.asg.runner.impl.CobolParserRunnerImpl -- Parsing compilation unit Main.
23:01:07.190 [main] INFO io.proleap.cobol.preprocessor.impl.CobolPreprocessorImpl -- Preprocessing file main.cbl with line format FIXED and charset UTF-8.
23:01:07.196 [main] INFO io.proleap.cobol.asg.runner.impl.CobolParserRunnerImpl -- Analyzing program units of compilation unit Main.
23:01:07.196 [main] INFO io.proleap.cobol.asg.runner.impl.CobolParserRunnerImpl -- Analyzing data divisions of compilation unit Main in step 1.
23:01:07.197 [main] INFO io.proleap.cobol.asg.runner.impl.CobolParserRunnerImpl -- Analyzing data divisions of compilation unit Main in step 2.
23:01:07.197 [main] INFO io.proleap.cobol.asg.runner.impl.CobolParserRunnerImpl -- Analyzing file control clauses of compilation unit Main.
23:01:07.197 [main] INFO io.proleap.cobol.asg.runner.impl.CobolParserRunnerImpl -- Analyzing file description entries of compilation unit Main.
23:01:07.197 [main] INFO io.proleap.cobol.asg.runner.impl.CobolParserRunnerImpl -- Analyzing procedure divisions of compilation unit Main.
23:01:07.197 [main] INFO io.proleap.cobol.asg.runner.impl.CobolParserRunnerImpl -- Analyzing statements of compilation unit Main.
23:01:07.237 [main] INFO com.cobolrag.graph.Neo4jDependencyGraphBuilder -- Added program TESTPROG to graph with 3 entities
23:01:07.266 [main] INFO com.cobolrag.graph.Neo4jDependencyGraphBuilder -- Added program MAINPROG to graph with 2 entities
23:01:07.333 [main] INFO com.cobolrag.graph.Neo4jDependencyGraphBuilder -- Built 1 relationships for program MAINPROG
23:01:07.341 [main] INFO com.cobolrag.graph.Neo4jDependencyGraphBuilder -- Built 1 relationships for program TESTPROG
Record 0: source="MAINPROG", target="TESTPROG"
Record 1: source="TESTPROG", target="SUBPROG"
]]></system-out>
  </testcase>
  <testcase name="shouldHandleMultiplePrograms" classname="com.cobolrag.graph.Neo4jDependencyGraphBuilderTest" time="0.154">
    <system-out><![CDATA[23:01:07.422 [main] INFO io.proleap.cobol.asg.runner.impl.CobolParserRunnerImpl -- Parsing compilation unit Prog1.
23:01:07.422 [main] INFO io.proleap.cobol.preprocessor.impl.CobolPreprocessorImpl -- Preprocessing file prog1.cbl with line format FIXED and charset UTF-8.
23:01:07.425 [main] INFO io.proleap.cobol.asg.runner.impl.CobolParserRunnerImpl -- Analyzing program units of compilation unit Prog1.
23:01:07.425 [main] INFO io.proleap.cobol.asg.runner.impl.CobolParserRunnerImpl -- Analyzing data divisions of compilation unit Prog1 in step 1.
23:01:07.425 [main] INFO io.proleap.cobol.asg.runner.impl.CobolParserRunnerImpl -- Analyzing data divisions of compilation unit Prog1 in step 2.
23:01:07.425 [main] INFO io.proleap.cobol.asg.runner.impl.CobolParserRunnerImpl -- Analyzing file control clauses of compilation unit Prog1.
23:01:07.425 [main] INFO io.proleap.cobol.asg.runner.impl.CobolParserRunnerImpl -- Analyzing file description entries of compilation unit Prog1.
23:01:07.425 [main] INFO io.proleap.cobol.asg.runner.impl.CobolParserRunnerImpl -- Analyzing procedure divisions of compilation unit Prog1.
23:01:07.425 [main] INFO io.proleap.cobol.asg.runner.impl.CobolParserRunnerImpl -- Analyzing statements of compilation unit Prog1.
23:01:07.449 [main] INFO com.cobolrag.graph.Neo4jDependencyGraphBuilder -- Added program PROG1 to graph with 2 entities
23:01:07.450 [main] INFO io.proleap.cobol.asg.runner.impl.CobolParserRunnerImpl -- Parsing compilation unit Prog2.
23:01:07.450 [main] INFO io.proleap.cobol.preprocessor.impl.CobolPreprocessorImpl -- Preprocessing file prog2.cbl with line format FIXED and charset UTF-8.
23:01:07.452 [main] INFO io.proleap.cobol.asg.runner.impl.CobolParserRunnerImpl -- Analyzing program units of compilation unit Prog2.
23:01:07.452 [main] INFO io.proleap.cobol.asg.runner.impl.CobolParserRunnerImpl -- Analyzing data divisions of compilation unit Prog2 in step 1.
23:01:07.452 [main] INFO io.proleap.cobol.asg.runner.impl.CobolParserRunnerImpl -- Analyzing data divisions of compilation unit Prog2 in step 2.
23:01:07.452 [main] INFO io.proleap.cobol.asg.runner.impl.CobolParserRunnerImpl -- Analyzing file control clauses of compilation unit Prog2.
23:01:07.452 [main] INFO io.proleap.cobol.asg.runner.impl.CobolParserRunnerImpl -- Analyzing file description entries of compilation unit Prog2.
23:01:07.452 [main] INFO io.proleap.cobol.asg.runner.impl.CobolParserRunnerImpl -- Analyzing procedure divisions of compilation unit Prog2.
23:01:07.452 [main] INFO io.proleap.cobol.asg.runner.impl.CobolParserRunnerImpl -- Analyzing statements of compilation unit Prog2.
23:01:07.481 [main] INFO com.cobolrag.graph.Neo4jDependencyGraphBuilder -- Added program PROG2 to graph with 2 entities
23:01:07.482 [main] INFO io.proleap.cobol.asg.runner.impl.CobolParserRunnerImpl -- Parsing compilation unit Prog3.
23:01:07.482 [main] INFO io.proleap.cobol.preprocessor.impl.CobolPreprocessorImpl -- Preprocessing file prog3.cbl with line format FIXED and charset UTF-8.
23:01:07.483 [main] INFO io.proleap.cobol.asg.runner.impl.CobolParserRunnerImpl -- Analyzing program units of compilation unit Prog3.
23:01:07.483 [main] INFO io.proleap.cobol.asg.runner.impl.CobolParserRunnerImpl -- Analyzing data divisions of compilation unit Prog3 in step 1.
23:01:07.483 [main] INFO io.proleap.cobol.asg.runner.impl.CobolParserRunnerImpl -- Analyzing data divisions of compilation unit Prog3 in step 2.
23:01:07.483 [main] INFO io.proleap.cobol.asg.runner.impl.CobolParserRunnerImpl -- Analyzing file control clauses of compilation unit Prog3.
23:01:07.484 [main] INFO io.proleap.cobol.asg.runner.impl.CobolParserRunnerImpl -- Analyzing file description entries of compilation unit Prog3.
23:01:07.484 [main] INFO io.proleap.cobol.asg.runner.impl.CobolParserRunnerImpl -- Analyzing procedure divisions of compilation unit Prog3.
23:01:07.484 [main] INFO io.proleap.cobol.asg.runner.impl.CobolParserRunnerImpl -- Analyzing statements of compilation unit Prog3.
23:01:07.506 [main] INFO com.cobolrag.graph.Neo4jDependencyGraphBuilder -- Added program PROG3 to graph with 2 entities
]]></system-out>
  </testcase>
  <testcase name="shouldHandleQueryWithParameters" classname="com.cobolrag.graph.Neo4jDependencyGraphBuilderTest" time="0.043"/>
  <testcase name="shouldHandleComplexDependencies" classname="com.cobolrag.graph.Neo4jDependencyGraphBuilderTest" time="0.247">
    <system-out><![CDATA[23:01:07.614 [main] INFO io.proleap.cobol.asg.runner.impl.CobolParserRunnerImpl -- Parsing compilation unit Lib.
23:01:07.614 [main] INFO io.proleap.cobol.preprocessor.impl.CobolPreprocessorImpl -- Preprocessing file lib.cbl with line format FIXED and charset UTF-8.
23:01:07.616 [main] INFO io.proleap.cobol.asg.runner.impl.CobolParserRunnerImpl -- Analyzing program units of compilation unit Lib.
23:01:07.616 [main] INFO io.proleap.cobol.asg.runner.impl.CobolParserRunnerImpl -- Analyzing data divisions of compilation unit Lib in step 1.
23:01:07.616 [main] INFO io.proleap.cobol.asg.runner.impl.CobolParserRunnerImpl -- Analyzing data divisions of compilation unit Lib in step 2.
23:01:07.616 [main] INFO io.proleap.cobol.asg.runner.impl.CobolParserRunnerImpl -- Analyzing file control clauses of compilation unit Lib.
23:01:07.616 [main] INFO io.proleap.cobol.asg.runner.impl.CobolParserRunnerImpl -- Analyzing file description entries of compilation unit Lib.
23:01:07.616 [main] INFO io.proleap.cobol.asg.runner.impl.CobolParserRunnerImpl -- Analyzing procedure divisions of compilation unit Lib.
23:01:07.616 [main] INFO io.proleap.cobol.asg.runner.impl.CobolParserRunnerImpl -- Analyzing statements of compilation unit Lib.
23:01:07.616 [main] INFO io.proleap.cobol.asg.runner.impl.CobolParserRunnerImpl -- Parsing compilation unit Util.
23:01:07.616 [main] INFO io.proleap.cobol.preprocessor.impl.CobolPreprocessorImpl -- Preprocessing file util.cbl with line format FIXED and charset UTF-8.
23:01:07.618 [main] INFO io.proleap.cobol.asg.runner.impl.CobolParserRunnerImpl -- Analyzing program units of compilation unit Util.
23:01:07.618 [main] INFO io.proleap.cobol.asg.runner.impl.CobolParserRunnerImpl -- Analyzing data divisions of compilation unit Util in step 1.
23:01:07.618 [main] INFO io.proleap.cobol.asg.runner.impl.CobolParserRunnerImpl -- Analyzing data divisions of compilation unit Util in step 2.
23:01:07.618 [main] INFO io.proleap.cobol.asg.runner.impl.CobolParserRunnerImpl -- Analyzing file control clauses of compilation unit Util.
23:01:07.618 [main] INFO io.proleap.cobol.asg.runner.impl.CobolParserRunnerImpl -- Analyzing file description entries of compilation unit Util.
23:01:07.618 [main] INFO io.proleap.cobol.asg.runner.impl.CobolParserRunnerImpl -- Analyzing procedure divisions of compilation unit Util.
23:01:07.618 [main] INFO io.proleap.cobol.asg.runner.impl.CobolParserRunnerImpl -- Analyzing statements of compilation unit Util.
23:01:07.618 [main] INFO io.proleap.cobol.asg.runner.impl.CobolParserRunnerImpl -- Parsing compilation unit App.
23:01:07.618 [main] INFO io.proleap.cobol.preprocessor.impl.CobolPreprocessorImpl -- Preprocessing file app.cbl with line format FIXED and charset UTF-8.
23:01:07.620 [main] INFO io.proleap.cobol.asg.runner.impl.CobolParserRunnerImpl -- Analyzing program units of compilation unit App.
23:01:07.620 [main] INFO io.proleap.cobol.asg.runner.impl.CobolParserRunnerImpl -- Analyzing data divisions of compilation unit App in step 1.
23:01:07.620 [main] INFO io.proleap.cobol.asg.runner.impl.CobolParserRunnerImpl -- Analyzing data divisions of compilation unit App in step 2.
23:01:07.620 [main] INFO io.proleap.cobol.asg.runner.impl.CobolParserRunnerImpl -- Analyzing file control clauses of compilation unit App.
23:01:07.620 [main] INFO io.proleap.cobol.asg.runner.impl.CobolParserRunnerImpl -- Analyzing file description entries of compilation unit App.
23:01:07.620 [main] INFO io.proleap.cobol.asg.runner.impl.CobolParserRunnerImpl -- Analyzing procedure divisions of compilation unit App.
23:01:07.620 [main] INFO io.proleap.cobol.asg.runner.impl.CobolParserRunnerImpl -- Analyzing statements of compilation unit App.
23:01:07.643 [main] INFO com.cobolrag.graph.Neo4jDependencyGraphBuilder -- Added program LIBRARY to graph with 2 entities
23:01:07.668 [main] INFO com.cobolrag.graph.Neo4jDependencyGraphBuilder -- Added program UTILITY to graph with 2 entities
23:01:07.689 [main] INFO com.cobolrag.graph.Neo4jDependencyGraphBuilder -- Added program APPLICATION to graph with 2 entities
23:01:07.700 [main] INFO com.cobolrag.graph.Neo4jDependencyGraphBuilder -- Built 2 relationships for program APPLICATION
23:01:07.700 [main] INFO com.cobolrag.graph.Neo4jDependencyGraphBuilder -- Built 0 relationships for program LIBRARY
23:01:07.705 [main] INFO com.cobolrag.graph.Neo4jDependencyGraphBuilder -- Built 1 relationships for program UTILITY
]]></system-out>
  </testcase>
  <testcase name="shouldExecuteCustomQueries" classname="com.cobolrag.graph.Neo4jDependencyGraphBuilderTest" time="0.041"/>
  <testcase name="shouldAddEntitiesToGraph" classname="com.cobolrag.graph.Neo4jDependencyGraphBuilderTest" time="0.094">
    <system-out><![CDATA[23:01:07.901 [main] INFO io.proleap.cobol.asg.runner.impl.CobolParserRunnerImpl -- Parsing compilation unit Test.
23:01:07.901 [main] INFO io.proleap.cobol.preprocessor.impl.CobolPreprocessorImpl -- Preprocessing file test.cbl with line format FIXED and charset UTF-8.
23:01:07.904 [main] INFO io.proleap.cobol.asg.runner.impl.CobolParserRunnerImpl -- Analyzing program units of compilation unit Test.
23:01:07.904 [main] INFO io.proleap.cobol.asg.runner.impl.CobolParserRunnerImpl -- Analyzing data divisions of compilation unit Test in step 1.
23:01:07.904 [main] INFO io.proleap.cobol.asg.runner.impl.CobolParserRunnerImpl -- Analyzing data divisions of compilation unit Test in step 2.
23:01:07.904 [main] INFO io.proleap.cobol.asg.runner.impl.CobolParserRunnerImpl -- Analyzing file control clauses of compilation unit Test.
23:01:07.904 [main] INFO io.proleap.cobol.asg.runner.impl.CobolParserRunnerImpl -- Analyzing file description entries of compilation unit Test.
23:01:07.904 [main] INFO io.proleap.cobol.asg.runner.impl.CobolParserRunnerImpl -- Analyzing procedure divisions of compilation unit Test.
23:01:07.904 [main] INFO io.proleap.cobol.asg.runner.impl.CobolParserRunnerImpl -- Analyzing statements of compilation unit Test.
23:01:07.936 [main] INFO com.cobolrag.graph.Neo4jDependencyGraphBuilder -- Added program TESTPROG to graph with 3 entities
]]></system-out>
  </testcase>
  <testcase name="shouldCloseConnectionGracefully" classname="com.cobolrag.graph.Neo4jDependencyGraphBuilderTest" time="0.241"/>
</testsuite>