<?xml version="1.0" encoding="UTF-8"?>
<testsuite xmlns:xsi="http://www.w3.org/2001/XMLSchema-instance" xsi:noNamespaceSchemaLocation="https://maven.apache.org/surefire/maven-surefire-plugin/xsd/surefire-test-report-3.0.xsd" version="3.0" name="com.cobolrag.parser.CobolParserIntegrationTest$ComplexStructureTests" time="0.022" tests="1" errors="0" skipped="0" failures="0">
  <properties>
[...]
</properties>
  <testcase name="shouldHandleNestedCopybooks(Path)" classname="com.cobolrag.parser.CobolParserIntegrationTest$ComplexStructureTests" time="0.021">
    <system-out><![CDATA[23:01:08.716 [main] INFO io.proleap.cobol.asg.runner.impl.CobolParserRunnerImpl -- Parsing compilation unit INVOICE.
23:01:08.717 [main] INFO io.proleap.cobol.preprocessor.impl.CobolPreprocessorImpl -- Preprocessing file INVOICE.cbl with line format FIXED and charset UTF-8.
23:01:08.718 [main] INFO io.proleap.cobol.preprocessor.impl.CobolPreprocessorImpl -- Preprocessing file CUSTOMER.cpy with line format FIXED and charset UTF-8.
23:01:08.719 [main] INFO io.proleap.cobol.preprocessor.impl.CobolPreprocessorImpl -- Preprocessing file PRODUCT.cpy with line format FIXED and charset UTF-8.
23:01:08.735 [main] INFO io.proleap.cobol.asg.runner.impl.CobolParserRunnerImpl -- Analyzing program units of compilation unit INVOICE.
23:01:08.735 [main] INFO io.proleap.cobol.asg.runner.impl.CobolParserRunnerImpl -- Analyzing data divisions of compilation unit INVOICE in step 1.
23:01:08.735 [main] INFO io.proleap.cobol.asg.runner.impl.CobolParserRunnerImpl -- Analyzing data divisions of compilation unit INVOICE in step 2.
23:01:08.735 [main] INFO io.proleap.cobol.asg.runner.impl.CobolParserRunnerImpl -- Analyzing file control clauses of compilation unit INVOICE.
23:01:08.735 [main] INFO io.proleap.cobol.asg.runner.impl.CobolParserRunnerImpl -- Analyzing file description entries of compilation unit INVOICE.
23:01:08.735 [main] INFO io.proleap.cobol.asg.runner.impl.CobolParserRunnerImpl -- Analyzing procedure divisions of compilation unit INVOICE.
23:01:08.735 [main] INFO io.proleap.cobol.asg.runner.impl.CobolParserRunnerImpl -- Analyzing statements of compilation unit INVOICE.
]]></system-out>
  </testcase>
</testsuite>